#
# There is insufficient memory for the Java Runtime Environment to continue.
# Native memory allocation (malloc) failed to allocate 32744 bytes for Chunk::new
# Possible reasons:
#   The system is out of physical RAM or swap space
#   The process is running with CompressedOops enabled, and the Java Heap may be blocking the growth of the native heap
# Possible solutions:
#   Reduce memory load on the system
#   Increase physical memory or swap space
#   Check if swap backing store is full
#   Decrease Java heap size (-Xmx/-Xms)
#   Decrease number of Java threads
#   Decrease Java thread stack sizes (-Xss)
#   Set larger code cache with -XX:ReservedCodeCacheSize=
#   JVM is running with Unscaled Compressed Oops mode in which the Java heap is
#     placed in the first 4GB address space. The Java Heap base address is the
#     maximum limit for the native heap growth. Please use -XX:HeapBaseMinAddress
#     to set the Java Heap base and to place the Java Heap above 4GB virtual address.
# This output file may be truncated or incomplete.
#
#  Out of Memory Error (arena.cpp:184), pid=8572, tid=12888
#
# JRE version: Java(TM) SE Runtime Environment (18.0.2.1+1) (build 18.0.2.1+1-1)
# Java VM: Java HotSpot(TM) 64-Bit Server VM (18.0.2.1+1-1, mixed mode, sharing, tiered, compressed oops, compressed class ptrs, g1 gc, windows-amd64)
# No core dump will be written. Minidumps are not enabled by default on client versions of Windows
#

---------------  S U M M A R Y ------------

Command Line: -Dfile.encoding=UTF-8 --module-path=C:\Users\akank\OneDrive\Documents\NetBeansProjects\Hotel Management System\build\classes hotel.management.system.AddEmployee

Host: Intel(R) Core(TM) i5-10210U CPU @ 1.60GHz, 8 cores, 7G,  Windows 11 , 64 bit Build 22000 (10.0.22000.1219)
Time: Thu Nov 17 23:58:38 2022 India Standard Time elapsed time: 2460.916237 seconds (0d 0h 41m 0s)

---------------  T H R E A D  ---------------

Current thread (0x000001c3afb16280):  JavaThread "C2 CompilerThread0" daemon [_thread_in_native, id=12888, stack(0x00000041a5300000,0x00000041a5400000)]


Current CompileTask:
C2:2460916  789       4       java.util.Arrays::binarySearch0 (95 bytes)

Stack: [0x00000041a5300000,0x00000041a5400000]
Native frames: (J=compiled Java code, j=interpreted, Vv=VM code, C=native code)
V  [jvm.dll+0x6993aa]
V  [jvm.dll+0x7f46dd]
V  [jvm.dll+0x7f5fee]
V  [jvm.dll+0x7f66a3]
V  [jvm.dll+0x25cf1f]
V  [jvm.dll+0xb8c2f]
V  [jvm.dll+0xb8fa5]
V  [jvm.dll+0x6c2568]
V  [jvm.dll+0x1d2e24]
V  [jvm.dll+0x230259]
V  [jvm.dll+0x22f4d1]
V  [jvm.dll+0x1ba01c]
V  [jvm.dll+0x23ee0a]
V  [jvm.dll+0x23d0f5]
V  [jvm.dll+0x7a6dd1]
V  [jvm.dll+0x7a120a]
V  [jvm.dll+0x698255]
C  [ucrtbase.dll+0x26c0c]
C  [KERNEL32.DLL+0x15550]
C  [ntdll.dll+0x485b]


---------------  P R O C E S S  ---------------

Threads class SMR info:
_java_thread_list=0x000001c3b40f23e0, length=17, elements={
0x000001c3afaee3a0, 0x000001c3afaeed40, 0x000001c3afb0f5b0, 0x000001c3afb0ff50,
0x000001c3afb11100, 0x000001c3afb14fa0, 0x000001c3afb16280, 0x000001c3afb1f080,
0x000001c3afb30220, 0x000001c3b3dc1490, 0x000001c3b3e5a970, 0x000001c3b401ced0,
0x000001c3b401f080, 0x000001c3b401d3a0, 0x000001c3b401e210, 0x000001c3b401e6e0,
0x000001c3b401ebb0
}

Java Threads: ( => current thread )
  0x000001c3afaee3a0 JavaThread "Reference Handler" daemon [_thread_blocked, id=1988, stack(0x00000041a4d00000,0x00000041a4e00000)]
  0x000001c3afaeed40 JavaThread "Finalizer" daemon [_thread_blocked, id=19684, stack(0x00000041a4e00000,0x00000041a4f00000)]
  0x000001c3afb0f5b0 JavaThread "Signal Dispatcher" daemon [_thread_blocked, id=16332, stack(0x00000041a4f00000,0x00000041a5000000)]
  0x000001c3afb0ff50 JavaThread "Attach Listener" daemon [_thread_blocked, id=10692, stack(0x00000041a5000000,0x00000041a5100000)]
  0x000001c3afb11100 JavaThread "Service Thread" daemon [_thread_blocked, id=8612, stack(0x00000041a5100000,0x00000041a5200000)]
  0x000001c3afb14fa0 JavaThread "Monitor Deflation Thread" daemon [_thread_blocked, id=10480, stack(0x00000041a5200000,0x00000041a5300000)]
=>0x000001c3afb16280 JavaThread "C2 CompilerThread0" daemon [_thread_in_native, id=12888, stack(0x00000041a5300000,0x00000041a5400000)]
  0x000001c3afb1f080 JavaThread "C1 CompilerThread0" daemon [_thread_blocked, id=18372, stack(0x00000041a5400000,0x00000041a5500000)]
  0x000001c3afb30220 JavaThread "Sweeper thread" daemon [_thread_blocked, id=13952, stack(0x00000041a5500000,0x00000041a5600000)]
  0x000001c3b3dc1490 JavaThread "Common-Cleaner" daemon [_thread_blocked, id=17944, stack(0x00000041a5600000,0x00000041a5700000)]
  0x000001c3b3e5a970 JavaThread "Notification Thread" daemon [_thread_blocked, id=24212, stack(0x00000041a5700000,0x00000041a5800000)]
  0x000001c3b401ced0 JavaThread "Java2D Disposer" daemon [_thread_blocked, id=8676, stack(0x00000041a5a00000,0x00000041a5b00000)]
  0x000001c3b401f080 JavaThread "AWT-Shutdown" [_thread_blocked, id=20524, stack(0x00000041a5b00000,0x00000041a5c00000)]
  0x000001c3b401d3a0 JavaThread "AWT-Windows" daemon [_thread_in_native, id=8, stack(0x00000041a5c00000,0x00000041a5d00000)]
  0x000001c3b401e210 JavaThread "AWT-EventQueue-0" [_thread_blocked, id=5484, stack(0x00000041a5d00000,0x00000041a5e00000)]
  0x000001c3b401e6e0 JavaThread "DestroyJavaVM" [_thread_blocked, id=23740, stack(0x00000041a4600000,0x00000041a4700000)]
  0x000001c3b401ebb0 JavaThread "TimerQueue" daemon [_thread_blocked, id=23360, stack(0x00000041a6000000,0x00000041a6100000)]

Other Threads:
  0x000001c3afae9a60 VMThread "VM Thread" [stack: 0x00000041a4c00000,0x00000041a4d00000] [id=16696]
  0x000001c3b3dc91b0 WatcherThread "VM Periodic Task Thread" [stack: 0x00000041a5800000,0x00000041a5900000] [id=21052]
  0x000001c3919c3e00 WorkerThread "GC Thread#0" [stack: 0x00000041a4700000,0x00000041a4800000] [id=20728]
  0x000001c3919d60b0 ConcurrentGCThread "G1 Main Marker" [stack: 0x00000041a4800000,0x00000041a4900000] [id=23464]
  0x000001c3919d7950 WorkerThread "G1 Conc#0" [stack: 0x00000041a4900000,0x00000041a4a00000] [id=22368]
  0x000001c391a2e5b0 ConcurrentGCThread "G1 Refine#0" [stack: 0x00000041a4a00000,0x00000041a4b00000] [id=1404]
  0x000001c3af9a4190 ConcurrentGCThread "G1 Service" [stack: 0x00000041a4b00000,0x00000041a4c00000] [id=22508]

Threads with active compile tasks:
C2 CompilerThread0  2460953  789       4       java.util.Arrays::binarySearch0 (95 bytes)

VM state: not at safepoint (normal execution)

VM Mutex/Monitor currently owned by a thread: None

Heap address: 0x0000000082800000, size: 2008 MB, Compressed Oops mode: 32-bit

CDS archive(s) mapped at: [0x0000000800000000-0x0000000800ba0000-0x0000000800ba0000), size 12189696, SharedBaseAddress: 0x0000000800000000, ArchiveRelocationMode: 0.
Compressed class space mapped at: 0x0000000800c00000-0x0000000840c00000, reserved size: 1073741824
Narrow klass base: 0x0000000800000000, Narrow klass shift: 0, Narrow klass range: 0x100000000

GC Precious Log:
 CardTable entry size: 512
 Card Set container configuration: InlinePtr #cards 5 size 8 Array Of Cards #cards 12 size 40 Howl #buckets 4 coarsen threshold 1843 Howl Bitmap #cards 512 size 80 coarsen threshold 460 Card regions per heap region 1 cards per card region 2048
 CPUs: 8 total, 8 available
 Memory: 8025M
 Large Page Support: Disabled
 NUMA Support: Disabled
 Compressed Oops: Enabled (32-bit)
 Heap Region Size: 1M
 Heap Min Capacity: 8M
 Heap Initial Capacity: 126M
 Heap Max Capacity: 2008M
 Pre-touch: Disabled
 Parallel Workers: 8
 Concurrent Workers: 2
 Concurrent Refinement Workers: 8
 Periodic GC: Disabled

Heap:
 garbage-first heap   total 129024K, used 8192K [0x0000000082800000, 0x0000000100000000)
  region size 1024K, 7 young (7168K), 0 survivors (0K)
 Metaspace       used 7371K, committed 7552K, reserved 1114112K
  class space    used 828K, committed 960K, reserved 1048576K

Heap Regions: E=young(eden), S=young(survivor), O=old, HS=humongous(starts), HC=humongous(continues), CS=collection set, F=free, OA=open archive, CA=closed archive, TAMS=top-at-mark-start (previous, next)
|   0|0x0000000082800000, 0x0000000082900000, 0x0000000082900000|100%|HS|  |TAMS 0x0000000082800000, 0x0000000082800000| Complete 
|   1|0x0000000082900000, 0x0000000082a00000, 0x0000000082a00000|100%|HC|  |TAMS 0x0000000082900000, 0x0000000082900000| Complete 
|   2|0x0000000082a00000, 0x0000000082b00000, 0x0000000082b00000|100%|HC|  |TAMS 0x0000000082a00000, 0x0000000082a00000| Complete 
|   3|0x0000000082b00000, 0x0000000082b00000, 0x0000000082c00000|  0%| F|  |TAMS 0x0000000082b00000, 0x0000000082b00000| Untracked 
|   4|0x0000000082c00000, 0x0000000082c00000, 0x0000000082d00000|  0%| F|  |TAMS 0x0000000082c00000, 0x0000000082c00000| Untracked 
|   5|0x0000000082d00000, 0x0000000082d00000, 0x0000000082e00000|  0%| F|  |TAMS 0x0000000082d00000, 0x0000000082d00000| Untracked 
|   6|0x0000000082e00000, 0x0000000082e00000, 0x0000000082f00000|  0%| F|  |TAMS 0x0000000082e00000, 0x0000000082e00000| Untracked 
|   7|0x0000000082f00000, 0x0000000082f00000, 0x0000000083000000|  0%| F|  |TAMS 0x0000000082f00000, 0x0000000082f00000| Untracked 
|   8|0x0000000083000000, 0x0000000083000000, 0x0000000083100000|  0%| F|  |TAMS 0x0000000083000000, 0x0000000083000000| Untracked 
|   9|0x0000000083100000, 0x0000000083100000, 0x0000000083200000|  0%| F|  |TAMS 0x0000000083100000, 0x0000000083100000| Untracked 
|  10|0x0000000083200000, 0x0000000083200000, 0x0000000083300000|  0%| F|  |TAMS 0x0000000083200000, 0x0000000083200000| Untracked 
|  11|0x0000000083300000, 0x0000000083300000, 0x0000000083400000|  0%| F|  |TAMS 0x0000000083300000, 0x0000000083300000| Untracked 
|  12|0x0000000083400000, 0x0000000083400000, 0x0000000083500000|  0%| F|  |TAMS 0x0000000083400000, 0x0000000083400000| Untracked 
|  13|0x0000000083500000, 0x0000000083500000, 0x0000000083600000|  0%| F|  |TAMS 0x0000000083500000, 0x0000000083500000| Untracked 
|  14|0x0000000083600000, 0x0000000083600000, 0x0000000083700000|  0%| F|  |TAMS 0x0000000083600000, 0x0000000083600000| Untracked 
|  15|0x0000000083700000, 0x0000000083700000, 0x0000000083800000|  0%| F|  |TAMS 0x0000000083700000, 0x0000000083700000| Untracked 
|  16|0x0000000083800000, 0x0000000083800000, 0x0000000083900000|  0%| F|  |TAMS 0x0000000083800000, 0x0000000083800000| Untracked 
|  17|0x0000000083900000, 0x0000000083900000, 0x0000000083a00000|  0%| F|  |TAMS 0x0000000083900000, 0x0000000083900000| Untracked 
|  18|0x0000000083a00000, 0x0000000083a00000, 0x0000000083b00000|  0%| F|  |TAMS 0x0000000083a00000, 0x0000000083a00000| Untracked 
|  19|0x0000000083b00000, 0x0000000083b00000, 0x0000000083c00000|  0%| F|  |TAMS 0x0000000083b00000, 0x0000000083b00000| Untracked 
|  20|0x0000000083c00000, 0x0000000083c00000, 0x0000000083d00000|  0%| F|  |TAMS 0x0000000083c00000, 0x0000000083c00000| Untracked 
|  21|0x0000000083d00000, 0x0000000083d00000, 0x0000000083e00000|  0%| F|  |TAMS 0x0000000083d00000, 0x0000000083d00000| Untracked 
|  22|0x0000000083e00000, 0x0000000083e00000, 0x0000000083f00000|  0%| F|  |TAMS 0x0000000083e00000, 0x0000000083e00000| Untracked 
|  23|0x0000000083f00000, 0x0000000083f00000, 0x0000000084000000|  0%| F|  |TAMS 0x0000000083f00000, 0x0000000083f00000| Untracked 
|  24|0x0000000084000000, 0x0000000084000000, 0x0000000084100000|  0%| F|  |TAMS 0x0000000084000000, 0x0000000084000000| Untracked 
|  25|0x0000000084100000, 0x0000000084100000, 0x0000000084200000|  0%| F|  |TAMS 0x0000000084100000, 0x0000000084100000| Untracked 
|  26|0x0000000084200000, 0x0000000084200000, 0x0000000084300000|  0%| F|  |TAMS 0x0000000084200000, 0x0000000084200000| Untracked 
|  27|0x0000000084300000, 0x0000000084300000, 0x0000000084400000|  0%| F|  |TAMS 0x0000000084300000, 0x0000000084300000| Untracked 
|  28|0x0000000084400000, 0x0000000084400000, 0x0000000084500000|  0%| F|  |TAMS 0x0000000084400000, 0x0000000084400000| Untracked 
|  29|0x0000000084500000, 0x0000000084500000, 0x0000000084600000|  0%| F|  |TAMS 0x0000000084500000, 0x0000000084500000| Untracked 
|  30|0x0000000084600000, 0x0000000084600000, 0x0000000084700000|  0%| F|  |TAMS 0x0000000084600000, 0x0000000084600000| Untracked 
|  31|0x0000000084700000, 0x0000000084700000, 0x0000000084800000|  0%| F|  |TAMS 0x0000000084700000, 0x0000000084700000| Untracked 
|  32|0x0000000084800000, 0x0000000084800000, 0x0000000084900000|  0%| F|  |TAMS 0x0000000084800000, 0x0000000084800000| Untracked 
|  33|0x0000000084900000, 0x0000000084900000, 0x0000000084a00000|  0%| F|  |TAMS 0x0000000084900000, 0x0000000084900000| Untracked 
|  34|0x0000000084a00000, 0x0000000084a00000, 0x0000000084b00000|  0%| F|  |TAMS 0x0000000084a00000, 0x0000000084a00000| Untracked 
|  35|0x0000000084b00000, 0x0000000084b00000, 0x0000000084c00000|  0%| F|  |TAMS 0x0000000084b00000, 0x0000000084b00000| Untracked 
|  36|0x0000000084c00000, 0x0000000084c00000, 0x0000000084d00000|  0%| F|  |TAMS 0x0000000084c00000, 0x0000000084c00000| Untracked 
|  37|0x0000000084d00000, 0x0000000084d00000, 0x0000000084e00000|  0%| F|  |TAMS 0x0000000084d00000, 0x0000000084d00000| Untracked 
|  38|0x0000000084e00000, 0x0000000084e00000, 0x0000000084f00000|  0%| F|  |TAMS 0x0000000084e00000, 0x0000000084e00000| Untracked 
|  39|0x0000000084f00000, 0x0000000084f00000, 0x0000000085000000|  0%| F|  |TAMS 0x0000000084f00000, 0x0000000084f00000| Untracked 
|  40|0x0000000085000000, 0x0000000085000000, 0x0000000085100000|  0%| F|  |TAMS 0x0000000085000000, 0x0000000085000000| Untracked 
|  41|0x0000000085100000, 0x0000000085100000, 0x0000000085200000|  0%| F|  |TAMS 0x0000000085100000, 0x0000000085100000| Untracked 
|  42|0x0000000085200000, 0x0000000085200000, 0x0000000085300000|  0%| F|  |TAMS 0x0000000085200000, 0x0000000085200000| Untracked 
|  43|0x0000000085300000, 0x0000000085300000, 0x0000000085400000|  0%| F|  |TAMS 0x0000000085300000, 0x0000000085300000| Untracked 
|  44|0x0000000085400000, 0x0000000085400000, 0x0000000085500000|  0%| F|  |TAMS 0x0000000085400000, 0x0000000085400000| Untracked 
|  45|0x0000000085500000, 0x0000000085500000, 0x0000000085600000|  0%| F|  |TAMS 0x0000000085500000, 0x0000000085500000| Untracked 
|  46|0x0000000085600000, 0x0000000085600000, 0x0000000085700000|  0%| F|  |TAMS 0x0000000085600000, 0x0000000085600000| Untracked 
|  47|0x0000000085700000, 0x0000000085700000, 0x0000000085800000|  0%| F|  |TAMS 0x0000000085700000, 0x0000000085700000| Untracked 
|  48|0x0000000085800000, 0x0000000085800000, 0x0000000085900000|  0%| F|  |TAMS 0x0000000085800000, 0x0000000085800000| Untracked 
|  49|0x0000000085900000, 0x0000000085900000, 0x0000000085a00000|  0%| F|  |TAMS 0x0000000085900000, 0x0000000085900000| Untracked 
|  50|0x0000000085a00000, 0x0000000085a00000, 0x0000000085b00000|  0%| F|  |TAMS 0x0000000085a00000, 0x0000000085a00000| Untracked 
|  51|0x0000000085b00000, 0x0000000085b00000, 0x0000000085c00000|  0%| F|  |TAMS 0x0000000085b00000, 0x0000000085b00000| Untracked 
|  52|0x0000000085c00000, 0x0000000085c00000, 0x0000000085d00000|  0%| F|  |TAMS 0x0000000085c00000, 0x0000000085c00000| Untracked 
|  53|0x0000000085d00000, 0x0000000085d00000, 0x0000000085e00000|  0%| F|  |TAMS 0x0000000085d00000, 0x0000000085d00000| Untracked 
|  54|0x0000000085e00000, 0x0000000085e00000, 0x0000000085f00000|  0%| F|  |TAMS 0x0000000085e00000, 0x0000000085e00000| Untracked 
|  55|0x0000000085f00000, 0x0000000085f00000, 0x0000000086000000|  0%| F|  |TAMS 0x0000000085f00000, 0x0000000085f00000| Untracked 
|  56|0x0000000086000000, 0x0000000086000000, 0x0000000086100000|  0%| F|  |TAMS 0x0000000086000000, 0x0000000086000000| Untracked 
|  57|0x0000000086100000, 0x0000000086100000, 0x0000000086200000|  0%| F|  |TAMS 0x0000000086100000, 0x0000000086100000| Untracked 
|  58|0x0000000086200000, 0x0000000086200000, 0x0000000086300000|  0%| F|  |TAMS 0x0000000086200000, 0x0000000086200000| Untracked 
|  59|0x0000000086300000, 0x0000000086300000, 0x0000000086400000|  0%| F|  |TAMS 0x0000000086300000, 0x0000000086300000| Untracked 
|  60|0x0000000086400000, 0x0000000086400000, 0x0000000086500000|  0%| F|  |TAMS 0x0000000086400000, 0x0000000086400000| Untracked 
|  61|0x0000000086500000, 0x0000000086500000, 0x0000000086600000|  0%| F|  |TAMS 0x0000000086500000, 0x0000000086500000| Untracked 
|  62|0x0000000086600000, 0x0000000086600000, 0x0000000086700000|  0%| F|  |TAMS 0x0000000086600000, 0x0000000086600000| Untracked 
|  63|0x0000000086700000, 0x0000000086700000, 0x0000000086800000|  0%| F|  |TAMS 0x0000000086700000, 0x0000000086700000| Untracked 
|  64|0x0000000086800000, 0x0000000086800000, 0x0000000086900000|  0%| F|  |TAMS 0x0000000086800000, 0x0000000086800000| Untracked 
|  65|0x0000000086900000, 0x0000000086900000, 0x0000000086a00000|  0%| F|  |TAMS 0x0000000086900000, 0x0000000086900000| Untracked 
|  66|0x0000000086a00000, 0x0000000086a00000, 0x0000000086b00000|  0%| F|  |TAMS 0x0000000086a00000, 0x0000000086a00000| Untracked 
|  67|0x0000000086b00000, 0x0000000086b00000, 0x0000000086c00000|  0%| F|  |TAMS 0x0000000086b00000, 0x0000000086b00000| Untracked 
|  68|0x0000000086c00000, 0x0000000086c00000, 0x0000000086d00000|  0%| F|  |TAMS 0x0000000086c00000, 0x0000000086c00000| Untracked 
|  69|0x0000000086d00000, 0x0000000086d00000, 0x0000000086e00000|  0%| F|  |TAMS 0x0000000086d00000, 0x0000000086d00000| Untracked 
|  70|0x0000000086e00000, 0x0000000086e00000, 0x0000000086f00000|  0%| F|  |TAMS 0x0000000086e00000, 0x0000000086e00000| Untracked 
|  71|0x0000000086f00000, 0x0000000086f00000, 0x0000000087000000|  0%| F|  |TAMS 0x0000000086f00000, 0x0000000086f00000| Untracked 
|  72|0x0000000087000000, 0x0000000087000000, 0x0000000087100000|  0%| F|  |TAMS 0x0000000087000000, 0x0000000087000000| Untracked 
|  73|0x0000000087100000, 0x0000000087100000, 0x0000000087200000|  0%| F|  |TAMS 0x0000000087100000, 0x0000000087100000| Untracked 
|  74|0x0000000087200000, 0x0000000087200000, 0x0000000087300000|  0%| F|  |TAMS 0x0000000087200000, 0x0000000087200000| Untracked 
|  75|0x0000000087300000, 0x0000000087300000, 0x0000000087400000|  0%| F|  |TAMS 0x0000000087300000, 0x0000000087300000| Untracked 
|  76|0x0000000087400000, 0x0000000087400000, 0x0000000087500000|  0%| F|  |TAMS 0x0000000087400000, 0x0000000087400000| Untracked 
|  77|0x0000000087500000, 0x0000000087500000, 0x0000000087600000|  0%| F|  |TAMS 0x0000000087500000, 0x0000000087500000| Untracked 
|  78|0x0000000087600000, 0x0000000087600000, 0x0000000087700000|  0%| F|  |TAMS 0x0000000087600000, 0x0000000087600000| Untracked 
|  79|0x0000000087700000, 0x0000000087700000, 0x0000000087800000|  0%| F|  |TAMS 0x0000000087700000, 0x0000000087700000| Untracked 
|  80|0x0000000087800000, 0x0000000087800000, 0x0000000087900000|  0%| F|  |TAMS 0x0000000087800000, 0x0000000087800000| Untracked 
|  81|0x0000000087900000, 0x0000000087900000, 0x0000000087a00000|  0%| F|  |TAMS 0x0000000087900000, 0x0000000087900000| Untracked 
|  82|0x0000000087a00000, 0x0000000087a00000, 0x0000000087b00000|  0%| F|  |TAMS 0x0000000087a00000, 0x0000000087a00000| Untracked 
|  83|0x0000000087b00000, 0x0000000087b00000, 0x0000000087c00000|  0%| F|  |TAMS 0x0000000087b00000, 0x0000000087b00000| Untracked 
|  84|0x0000000087c00000, 0x0000000087c00000, 0x0000000087d00000|  0%| F|  |TAMS 0x0000000087c00000, 0x0000000087c00000| Untracked 
|  85|0x0000000087d00000, 0x0000000087d00000, 0x0000000087e00000|  0%| F|  |TAMS 0x0000000087d00000, 0x0000000087d00000| Untracked 
|  86|0x0000000087e00000, 0x0000000087e00000, 0x0000000087f00000|  0%| F|  |TAMS 0x0000000087e00000, 0x0000000087e00000| Untracked 
|  87|0x0000000087f00000, 0x0000000087f00000, 0x0000000088000000|  0%| F|  |TAMS 0x0000000087f00000, 0x0000000087f00000| Untracked 
|  88|0x0000000088000000, 0x0000000088000000, 0x0000000088100000|  0%| F|  |TAMS 0x0000000088000000, 0x0000000088000000| Untracked 
|  89|0x0000000088100000, 0x0000000088100000, 0x0000000088200000|  0%| F|  |TAMS 0x0000000088100000, 0x0000000088100000| Untracked 
|  90|0x0000000088200000, 0x0000000088200000, 0x0000000088300000|  0%| F|  |TAMS 0x0000000088200000, 0x0000000088200000| Untracked 
|  91|0x0000000088300000, 0x0000000088300000, 0x0000000088400000|  0%| F|  |TAMS 0x0000000088300000, 0x0000000088300000| Untracked 
|  92|0x0000000088400000, 0x0000000088400000, 0x0000000088500000|  0%| F|  |TAMS 0x0000000088400000, 0x0000000088400000| Untracked 
|  93|0x0000000088500000, 0x0000000088500000, 0x0000000088600000|  0%| F|  |TAMS 0x0000000088500000, 0x0000000088500000| Untracked 
|  94|0x0000000088600000, 0x0000000088600000, 0x0000000088700000|  0%| F|  |TAMS 0x0000000088600000, 0x0000000088600000| Untracked 
|  95|0x0000000088700000, 0x0000000088700000, 0x0000000088800000|  0%| F|  |TAMS 0x0000000088700000, 0x0000000088700000| Untracked 
|  96|0x0000000088800000, 0x0000000088800000, 0x0000000088900000|  0%| F|  |TAMS 0x0000000088800000, 0x0000000088800000| Untracked 
|  97|0x0000000088900000, 0x0000000088900000, 0x0000000088a00000|  0%| F|  |TAMS 0x0000000088900000, 0x0000000088900000| Untracked 
|  98|0x0000000088a00000, 0x0000000088a00000, 0x0000000088b00000|  0%| F|  |TAMS 0x0000000088a00000, 0x0000000088a00000| Untracked 
|  99|0x0000000088b00000, 0x0000000088b00000, 0x0000000088c00000|  0%| F|  |TAMS 0x0000000088b00000, 0x0000000088b00000| Untracked 
| 100|0x0000000088c00000, 0x0000000088c00000, 0x0000000088d00000|  0%| F|  |TAMS 0x0000000088c00000, 0x0000000088c00000| Untracked 
| 101|0x0000000088d00000, 0x0000000088d00000, 0x0000000088e00000|  0%| F|  |TAMS 0x0000000088d00000, 0x0000000088d00000| Untracked 
| 102|0x0000000088e00000, 0x0000000088e00000, 0x0000000088f00000|  0%| F|  |TAMS 0x0000000088e00000, 0x0000000088e00000| Untracked 
| 103|0x0000000088f00000, 0x0000000088f00000, 0x0000000089000000|  0%| F|  |TAMS 0x0000000088f00000, 0x0000000088f00000| Untracked 
| 104|0x0000000089000000, 0x0000000089000000, 0x0000000089100000|  0%| F|  |TAMS 0x0000000089000000, 0x0000000089000000| Untracked 
| 105|0x0000000089100000, 0x0000000089100000, 0x0000000089200000|  0%| F|  |TAMS 0x0000000089100000, 0x0000000089100000| Untracked 
| 106|0x0000000089200000, 0x0000000089200000, 0x0000000089300000|  0%| F|  |TAMS 0x0000000089200000, 0x0000000089200000| Untracked 
| 107|0x0000000089300000, 0x0000000089300000, 0x0000000089400000|  0%| F|  |TAMS 0x0000000089300000, 0x0000000089300000| Untracked 
| 108|0x0000000089400000, 0x0000000089400000, 0x0000000089500000|  0%| F|  |TAMS 0x0000000089400000, 0x0000000089400000| Untracked 
| 109|0x0000000089500000, 0x0000000089500000, 0x0000000089600000|  0%| F|  |TAMS 0x0000000089500000, 0x0000000089500000| Untracked 
| 110|0x0000000089600000, 0x0000000089600000, 0x0000000089700000|  0%| F|  |TAMS 0x0000000089600000, 0x0000000089600000| Untracked 
| 111|0x0000000089700000, 0x0000000089700000, 0x0000000089800000|  0%| F|  |TAMS 0x0000000089700000, 0x0000000089700000| Untracked 
| 112|0x0000000089800000, 0x0000000089800000, 0x0000000089900000|  0%| F|  |TAMS 0x0000000089800000, 0x0000000089800000| Untracked 
| 113|0x0000000089900000, 0x0000000089900000, 0x0000000089a00000|  0%| F|  |TAMS 0x0000000089900000, 0x0000000089900000| Untracked 
| 114|0x0000000089a00000, 0x0000000089a00000, 0x0000000089b00000|  0%| F|  |TAMS 0x0000000089a00000, 0x0000000089a00000| Untracked 
| 115|0x0000000089b00000, 0x0000000089b00000, 0x0000000089c00000|  0%| F|  |TAMS 0x0000000089b00000, 0x0000000089b00000| Untracked 
| 116|0x0000000089c00000, 0x0000000089c00000, 0x0000000089d00000|  0%| F|  |TAMS 0x0000000089c00000, 0x0000000089c00000| Untracked 
| 117|0x0000000089d00000, 0x0000000089d00000, 0x0000000089e00000|  0%| F|  |TAMS 0x0000000089d00000, 0x0000000089d00000| Untracked 
| 118|0x0000000089e00000, 0x0000000089e00000, 0x0000000089f00000|  0%| F|  |TAMS 0x0000000089e00000, 0x0000000089e00000| Untracked 
| 119|0x0000000089f00000, 0x000000008a000000, 0x000000008a000000|100%| E|  |TAMS 0x0000000089f00000, 0x0000000089f00000| Complete 
| 120|0x000000008a000000, 0x000000008a100000, 0x000000008a100000|100%| E|CS|TAMS 0x000000008a000000, 0x000000008a000000| Complete 
| 121|0x000000008a100000, 0x000000008a200000, 0x000000008a200000|100%| E|CS|TAMS 0x000000008a100000, 0x000000008a100000| Complete 
| 122|0x000000008a200000, 0x000000008a300000, 0x000000008a300000|100%| E|CS|TAMS 0x000000008a200000, 0x000000008a200000| Complete 
| 123|0x000000008a300000, 0x000000008a400000, 0x000000008a400000|100%| E|CS|TAMS 0x000000008a300000, 0x000000008a300000| Complete 
| 124|0x000000008a400000, 0x000000008a500000, 0x000000008a500000|100%| E|  |TAMS 0x000000008a400000, 0x000000008a400000| Complete 
| 125|0x000000008a500000, 0x000000008a600000, 0x000000008a600000|100%| E|CS|TAMS 0x000000008a500000, 0x000000008a500000| Complete 

Card table byte_map: [0x000001c3a89c0000,0x000001c3a8db0000] _byte_map_base: 0x000001c3a85ac000

Marking Bits (Prev, Next): (CMBitMap*) 0x000001c3919c4300, (CMBitMap*) 0x000001c3919c4340
 Prev Bits: [0x000001c3a91a0000, 0x000001c3ab100000)
 Next Bits: [0x000001c3ab100000, 0x000001c3ad060000)

Polling page: 0x000001c391130000

Metaspace:

Usage:
  Non-class:      6.39 MB used.
      Class:    828.69 KB used.
       Both:      7.20 MB used.

Virtual space:
  Non-class space:       64.00 MB reserved,       6.44 MB ( 10%) committed,  1 nodes.
      Class space:        1.00 GB reserved,     960.00 KB ( <1%) committed,  1 nodes.
             Both:        1.06 GB reserved,       7.38 MB ( <1%) committed. 

Chunk freelists:
   Non-Class:  1.00 MB
       Class:  3.12 MB
        Both:  4.12 MB

MaxMetaspaceSize: unlimited
CompressedClassSpaceSize: 1.00 GB
Initial GC threshold: 21.00 MB
Current GC threshold: 21.00 MB
CDS: on
MetaspaceReclaimPolicy: balanced
 - commit_granule_bytes: 65536.
 - commit_granule_words: 8192.
 - virtual_space_node_default_size: 8388608.
 - enlarge_chunks_in_place: 1.
 - new_chunks_are_fully_committed: 0.
 - uncommit_free_chunks: 1.
 - use_allocation_guard: 0.


Internal statistics:

num_allocs_failed_limit: 0.
num_arena_births: 114.
num_arena_deaths: 0.
num_vsnodes_births: 2.
num_vsnodes_deaths: 0.
num_space_committed: 118.
num_space_uncommitted: 0.
num_chunks_returned_to_freelist: 0.
num_chunks_taken_from_freelist: 162.
num_chunk_merges: 0.
num_chunk_splits: 87.
num_chunks_enlarged: 22.
num_inconsistent_stats: 0.

CodeHeap 'non-profiled nmethods': size=120000Kb used=221Kb max_used=221Kb free=119778Kb
 bounds [0x000001c3a0d70000, 0x000001c3a0fe0000, 0x000001c3a82a0000]
CodeHeap 'profiled nmethods': size=120000Kb used=1087Kb max_used=1087Kb free=118912Kb
 bounds [0x000001c399840000, 0x000001c399ab0000, 0x000001c3a0d70000]
CodeHeap 'non-nmethods': size=5760Kb used=1276Kb max_used=1291Kb free=4483Kb
 bounds [0x000001c3992a0000, 0x000001c399510000, 0x000001c399840000]
 total_blobs=1380 nmethods=788 adapters=505
 compilation: enabled
              stopped_count=0, restarted_count=0
 full_count=0

Compilation events (20 events):
Event: 2.102 Thread 0x000001c3afb1f080 nmethod 779 0x000001c39994db10 code [0x000001c39994dce0, 0x000001c39994de08]
Event: 2.603 Thread 0x000001c3afb1f080  780       1       java.awt.Component::getHeight (5 bytes)
Event: 2.603 Thread 0x000001c3afb1f080 nmethod 780 0x000001c3a0da6a10 code [0x000001c3a0da6ba0, 0x000001c3a0da6c78]
Event: 2.604 Thread 0x000001c3afb1f080  781       1       java.awt.Component::getWidth (5 bytes)
Event: 2.604 Thread 0x000001c3afb1f080 nmethod 781 0x000001c3a0da6d10 code [0x000001c3a0da6ea0, 0x000001c3a0da6f78]
Event: 2.604 Thread 0x000001c3afb1f080  783       3       java.awt.geom.Rectangle2D::<init> (5 bytes)
Event: 2.604 Thread 0x000001c3afb16280  782       4       java.util.HashMap::getNode (150 bytes)
Event: 2.605 Thread 0x000001c3afb1f080 nmethod 783 0x000001c39994de90 code [0x000001c39994e040, 0x000001c39994e1f8]
Event: 2.605 Thread 0x000001c3afb1f080  784       3       java.awt.geom.RectangularShape::<init> (5 bytes)
Event: 2.605 Thread 0x000001c3afb1f080 nmethod 784 0x000001c39994e310 code [0x000001c39994e4a0, 0x000001c39994e5f8]
Event: 2.605 Thread 0x000001c3afb1f080  785       3       java.awt.geom.AffineTransform::getType (17 bytes)
Event: 2.606 Thread 0x000001c3afb1f080 nmethod 785 0x000001c39994e690 code [0x000001c39994e840, 0x000001c39994e9c8]
Event: 2.615 Thread 0x000001c3afb16280 nmethod 782 0x000001c3a0da7010 code [0x000001c3a0da71c0, 0x000001c3a0da74e8]
Event: 2.879 Thread 0x000001c3afb1f080  786       3       java.lang.Float::isNaN (12 bytes)
Event: 2.879 Thread 0x000001c3afb1f080 nmethod 786 0x000001c39994ea90 code [0x000001c39994ec20, 0x000001c39994ed98]
Event: 2.895 Thread 0x000001c3afb1f080  787       3       java.security.ProtectionDomain$JavaSecurityAccessImpl::doIntersectionPrivilege (22 bytes)
Event: 2.897 Thread 0x000001c3afb1f080 nmethod 787 0x000001c39994ee10 code [0x000001c39994f020, 0x000001c39994f598]
Event: 2.897 Thread 0x000001c3afb1f080  788       3       java.security.ProtectionDomain$JavaSecurityAccessImpl::getCombinedACC (30 bytes)
Event: 2.898 Thread 0x000001c3afb1f080 nmethod 788 0x000001c39994f810 code [0x000001c39994f9e0, 0x000001c39994fdd8]
Event: 2460.876 Thread 0x000001c3afb16280  789       4       java.util.Arrays::binarySearch0 (95 bytes)

GC Heap History (0 events):
No events

Deoptimization events (8 events):
Event: 0.324 Thread 0x000001c391960440 Uncommon trap: trap_request=0xffffff45 fr.pc=0x000001c3a0d7f158 relative=0x00000000000009b8
Event: 0.324 Thread 0x000001c391960440 Uncommon trap: reason=unstable_if action=reinterpret pc=0x000001c3a0d7f158 method=java.util.HashMap.putVal(ILjava/lang/Object;Ljava/lang/Object;ZZ)Ljava/lang/Object; @ 236 c2
Event: 0.324 Thread 0x000001c391960440 DEOPT PACKING pc=0x000001c3a0d7f158 sp=0x00000041a46fdb30
Event: 0.324 Thread 0x000001c391960440 DEOPT UNPACKING pc=0x000001c3992f23a3 sp=0x00000041a46fdae8 mode 2
Event: 0.487 Thread 0x000001c391960440 Uncommon trap: trap_request=0xffffff45 fr.pc=0x000001c3a0d96cd8 relative=0x0000000000000518
Event: 0.487 Thread 0x000001c391960440 Uncommon trap: reason=unstable_if action=reinterpret pc=0x000001c3a0d96cd8 method=java.lang.StringLatin1.replace([BCC)Ljava/lang/String; @ 19 c2
Event: 0.487 Thread 0x000001c391960440 DEOPT PACKING pc=0x000001c3a0d96cd8 sp=0x00000041a46fe300
Event: 0.487 Thread 0x000001c391960440 DEOPT UNPACKING pc=0x000001c3992f23a3 sp=0x00000041a46fe280 mode 2

Classes loaded (20 events):
Event: 0.577 Loading class java/awt/Toolkit$ToolkitEventMulticaster
Event: 0.577 Loading class java/awt/Toolkit$ToolkitEventMulticaster done
Event: 0.577 Loading class java/awt/event/MouseWheelEvent
Event: 0.577 Loading class java/awt/event/MouseWheelEvent done
Event: 1.076 Loading class javax/swing/Timer$1
Event: 1.076 Loading class javax/swing/Timer$1 done
Event: 1.076 Loading class java/util/concurrent/locks/AbstractQueuedSynchronizer$ExclusiveNode
Event: 1.077 Loading class java/util/concurrent/locks/AbstractQueuedSynchronizer$ExclusiveNode done
Event: 1.942 Loading class java/awt/LightweightDispatcher$2
Event: 1.942 Loading class java/awt/LightweightDispatcher$2 done
Event: 2.864 Loading class java/awt/KeyboardFocusManager$2
Event: 2.864 Loading class java/awt/KeyboardFocusManager$2 done
Event: 2.865 Loading class sun/awt/SunToolkit$1
Event: 2.865 Loading class sun/awt/SunToolkit$1 done
Event: 2460.847 Loading class java/util/WeakHashMap$KeyIterator
Event: 2460.857 Loading class java/util/WeakHashMap$HashIterator
Event: 2460.858 Loading class java/util/WeakHashMap$HashIterator done
Event: 2460.858 Loading class java/util/WeakHashMap$KeyIterator done
Event: 2460.867 Loading class javax/swing/RepaintManager$DisplayChangedRunnable
Event: 2460.868 Loading class javax/swing/RepaintManager$DisplayChangedRunnable done

Classes unloaded (0 events):
No events

Classes redefined (0 events):
No events

Internal exceptions (16 events):
Event: 0.112 Thread 0x000001c391960440 Exception <a 'sun/nio/fs/WindowsException'{0x000000008a4362f0}> (0x000000008a4362f0) 
thrown [s\open\src\hotspot\share\prims\jni.cpp, line 516]
Event: 0.113 Thread 0x000001c391960440 Exception <a 'sun/nio/fs/WindowsException'{0x000000008a4368a0}> (0x000000008a4368a0) 
thrown [s\open\src\hotspot\share\prims\jni.cpp, line 516]
Event: 0.115 Thread 0x000001c391960440 Exception <a 'sun/nio/fs/WindowsException'{0x000000008a438e38}> (0x000000008a438e38) 
thrown [s\open\src\hotspot\share\prims\jni.cpp, line 516]
Event: 0.115 Thread 0x000001c391960440 Exception <a 'sun/nio/fs/WindowsException'{0x000000008a4399b0}> (0x000000008a4399b0) 
thrown [s\open\src\hotspot\share\prims\jni.cpp, line 516]
Event: 0.175 Thread 0x000001c391960440 Exception <a 'java/lang/ClassNotFoundException'{0x000000008a4ff030}: sun/awt/resources/spi/awtProvider> (0x000000008a4ff030) 
thrown [s\open\src\hotspot\share\classfile\systemDictionary.cpp, line 255]
Event: 0.208 Thread 0x000001c391960440 Exception <a 'java/io/FileNotFoundException'{0x000000008a36cc98}> (0x000000008a36cc98) 
thrown [s\open\src\hotspot\share\prims\jni.cpp, line 516]
Event: 0.220 Thread 0x000001c391960440 Exception <a 'java/io/FileNotFoundException'{0x000000008a399ee8}> (0x000000008a399ee8) 
thrown [s\open\src\hotspot\share\prims\jni.cpp, line 516]
Event: 0.280 Thread 0x000001c391960440 Exception <a 'java/lang/NoSuchMethodError'{0x000000008a3de458}: 'java.lang.Object java.lang.invoke.DirectMethodHandle$Holder.invokeStaticInit(java.lang.Object)'> (0x000000008a3de458) 
thrown [s\open\src\hotspot\share\interpreter\linkResolver.cpp, line 759]
Event: 0.327 Thread 0x000001c391960440 Exception <a 'java/lang/NoSuchMethodError'{0x000000008a29e020}: 'void java.lang.invoke.DirectMethodHandle$Holder.invokeSpecial(java.lang.Object, java.lang.Object, java.lang.Object)'> (0x000000008a29e020) 
thrown [s\open\src\hotspot\share\interpreter\linkResolver.cpp, line 759]
Event: 0.338 Thread 0x000001c391960440 Exception <a 'java/lang/NoSuchMethodError'{0x000000008a2c9160}: 'java.lang.Object java.lang.invoke.DirectMethodHandle$Holder.newInvokeSpecial(java.lang.Object, java.lang.Object, java.lang.Object, java.lang.Object, java.lang.Object)'> (0x000000008a2c9160) 
thrown [s\open\src\hotspot\share\interpreter\linkResolver.cpp, line 759]
Event: 0.345 Thread 0x000001c391960440 Exception <a 'java/lang/NoSuchMethodError'{0x000000008a2faeb8}: 'java.lang.Object java.lang.invoke.DirectMethodHandle$Holder.invokeStatic(java.lang.Object, int, java.lang.Object)'> (0x000000008a2faeb8) 
thrown [s\open\src\hotspot\share\interpreter\linkResolver.cpp, line 759]
Event: 0.381 Thread 0x000001c391960440 Exception <a 'java/lang/ClassNotFoundException'{0x000000008a1b8040}: com/sun/swing/internal/plaf/metal/resources/spi/metalProvider> (0x000000008a1b8040) 
thrown [s\open\src\hotspot\share\classfile\systemDictionary.cpp, line 255]
Event: 0.383 Thread 0x000001c391960440 Exception <a 'java/lang/ClassNotFoundException'{0x000000008a1bc078}: com/sun/swing/internal/plaf/basic/resources/spi/basicProvider> (0x000000008a1bc078) 
thrown [s\open\src\hotspot\share\classfile\systemDictionary.cpp, line 255]
Event: 0.393 Thread 0x000001c391960440 Exception <a 'java/lang/NoSuchMethodError'{0x000000008a1dc478}: 'int java.lang.invoke.Invokers$Holder.invokeExact_MT(java.lang.Object, java.lang.Object)'> (0x000000008a1dc478) 
thrown [s\open\src\hotspot\share\interpreter\linkResolver.cpp, line 759]
Event: 0.438 Thread 0x000001c3b401d3a0 Exception <a 'java/lang/NoSuchMethodError'{0x000000008a2107c0}: 'void java.lang.invoke.DirectMethodHandle$Holder.invokeVirtual(java.lang.Object, java.lang.Object)'> (0x000000008a2107c0) 
thrown [s\open\src\hotspot\share\interpreter\linkResolver.cpp, line 759]
Event: 0.453 Thread 0x000001c391960440 Exception <a 'java/lang/NoSuchMethodError'{0x000000008a03a610}: 'void java.lang.invoke.DirectMethodHandle$Holder.invokeStaticInit(java.lang.Object)'> (0x000000008a03a610) 
thrown [s\open\src\hotspot\share\interpreter\linkResolver.cpp, line 759]

VM Operations (12 events):
Event: 0.117 Executing VM operation: HandshakeAllThreads
Event: 0.117 Executing VM operation: HandshakeAllThreads done
Event: 0.424 Executing VM operation: HandshakeAllThreads
Event: 0.424 Executing VM operation: HandshakeAllThreads done
Event: 0.524 Executing VM operation: HandshakeAllThreads
Event: 0.524 Executing VM operation: HandshakeAllThreads done
Event: 1.527 Executing VM operation: Cleanup
Event: 1.527 Executing VM operation: Cleanup done
Event: 2.527 Executing VM operation: Cleanup
Event: 2.528 Executing VM operation: Cleanup done
Event: 3.530 Executing VM operation: Cleanup
Event: 3.530 Executing VM operation: Cleanup done

Events (20 events):
Event: 0.050 Thread 0x000001c3afb1f080 Thread added: 0x000001c3afb1f080
Event: 0.050 Thread 0x000001c3afb30220 Thread added: 0x000001c3afb30220
Event: 0.089 Thread 0x000001c3b3dc1490 Thread added: 0x000001c3b3dc1490
Event: 0.108 Loaded shared library C:\Program Files\Java\jdk-18.0.2.1\bin\net.dll
Event: 0.110 Loaded shared library C:\Program Files\Java\jdk-18.0.2.1\bin\nio.dll
Event: 0.135 Thread 0x000001c3b3e5a970 Thread added: 0x000001c3b3e5a970
Event: 0.145 Loaded shared library C:\Program Files\Java\jdk-18.0.2.1\bin\zip.dll
Event: 0.150 Thread 0x000001c3b3f6d490 Thread added: 0x000001c3b3f6d490
Event: 0.166 Loaded shared library C:\Program Files\Java\jdk-18.0.2.1\bin\jimage.dll
Event: 0.189 Loaded shared library C:\Program Files\Java\jdk-18.0.2.1\bin\awt.dll
Event: 0.281 Thread 0x000001c3b401ced0 Thread added: 0x000001c3b401ced0
Event: 0.283 Thread 0x000001c3b401f080 Thread added: 0x000001c3b401f080
Event: 0.285 Thread 0x000001c3b401d3a0 Thread added: 0x000001c3b401d3a0
Event: 0.437 Thread 0x000001c3b401e210 Thread added: 0x000001c3b401e210
Event: 0.458 Loaded shared library C:\Program Files\Java\jdk-18.0.2.1\bin\freetype.dll
Event: 0.458 Thread 0x000001c3b3f6d490 Thread exited: 0x000001c3b3f6d490
Event: 0.459 Loaded shared library C:\Program Files\Java\jdk-18.0.2.1\bin\fontmanager.dll
Event: 0.523 Thread 0x000001c391960440 Thread exited: 0x000001c391960440
Event: 0.523 Thread 0x000001c3b401e6e0 Thread added: 0x000001c3b401e6e0
Event: 0.574 Thread 0x000001c3b401ebb0 Thread added: 0x000001c3b401ebb0


Dynamic libraries:
0x00007ff7cfe30000 - 0x00007ff7cfe40000 	C:\Program Files\Java\jdk-18.0.2.1\bin\java.exe
0x00007ffb09800000 - 0x00007ffb09a09000 	C:\Windows\SYSTEM32\ntdll.dll
0x00007ffb07de0000 - 0x00007ffb07e9e000 	C:\Windows\System32\KERNEL32.DLL
0x00007ffb07130000 - 0x00007ffb074ab000 	C:\Windows\System32\KERNELBASE.dll
0x00007ffb07560000 - 0x00007ffb07671000 	C:\Windows\System32\ucrtbase.dll
0x00007ffb03a80000 - 0x00007ffb03a9a000 	C:\Program Files\Java\jdk-18.0.2.1\bin\VCRUNTIME140.dll
0x00007ffaf2ff0000 - 0x00007ffaf3008000 	C:\Program Files\Java\jdk-18.0.2.1\bin\jli.dll
0x00007ffb08e50000 - 0x00007ffb08efe000 	C:\Windows\System32\ADVAPI32.dll
0x00007ffb07cd0000 - 0x00007ffb07d73000 	C:\Windows\System32\msvcrt.dll
0x00007ffb09100000 - 0x00007ffb0919e000 	C:\Windows\System32\sechost.dll
0x00007ffb095c0000 - 0x00007ffb096e0000 	C:\Windows\System32\RPCRT4.dll
0x00007ffb08ca0000 - 0x00007ffb08e4d000 	C:\Windows\System32\USER32.dll
0x00007ffb074b0000 - 0x00007ffb074d6000 	C:\Windows\System32\win32u.dll
0x00007ffaebac0000 - 0x00007ffaebd65000 	C:\Windows\WinSxS\amd64_microsoft.windows.common-controls_6595b64144ccf1df_6.0.22000.120_none_9d947278b86cc467\COMCTL32.dll
0x00007ffb08a70000 - 0x00007ffb08a99000 	C:\Windows\System32\GDI32.dll
0x00007ffb06e00000 - 0x00007ffb06f18000 	C:\Windows\System32\gdi32full.dll
0x00007ffb06f20000 - 0x00007ffb06fbd000 	C:\Windows\System32\msvcp_win.dll
0x00007ffb01930000 - 0x00007ffb0193a000 	C:\Windows\SYSTEM32\VERSION.dll
0x00007ffb08aa0000 - 0x00007ffb08ad2000 	C:\Windows\System32\IMM32.DLL
0x00007ffb03bf0000 - 0x00007ffb03bfc000 	C:\Program Files\Java\jdk-18.0.2.1\bin\vcruntime140_1.dll
0x00007ffaf0cb0000 - 0x00007ffaf0d3d000 	C:\Program Files\Java\jdk-18.0.2.1\bin\msvcp140.dll
0x00007ffac5620000 - 0x00007ffac6231000 	C:\Program Files\Java\jdk-18.0.2.1\bin\server\jvm.dll
0x00007ffb091a0000 - 0x00007ffb091a8000 	C:\Windows\System32\PSAPI.DLL
0x00007ffaea4c0000 - 0x00007ffaea4c9000 	C:\Windows\SYSTEM32\WSOCK32.dll
0x00007ffb03160000 - 0x00007ffb03193000 	C:\Windows\SYSTEM32\WINMM.dll
0x00007ffb08ae0000 - 0x00007ffb08b4f000 	C:\Windows\System32\WS2_32.dll
0x00007ffb05e40000 - 0x00007ffb05e58000 	C:\Windows\SYSTEM32\kernel.appcore.dll
0x00007ffb039c0000 - 0x00007ffb039ca000 	C:\Program Files\Java\jdk-18.0.2.1\bin\jimage.dll
0x00007ffaf3a80000 - 0x00007ffaf3ca1000 	C:\Windows\SYSTEM32\DBGHELP.DLL
0x00007ffaea3c0000 - 0x00007ffaea3f1000 	C:\Windows\SYSTEM32\dbgcore.DLL
0x00007ffb074e0000 - 0x00007ffb0755f000 	C:\Windows\System32\bcryptPrimitives.dll
0x00007ffb01c80000 - 0x00007ffb01ca5000 	C:\Program Files\Java\jdk-18.0.2.1\bin\java.dll
0x00007ffae8d60000 - 0x00007ffae8e36000 	C:\Program Files\Java\jdk-18.0.2.1\bin\jsvml.dll
0x00007ffb07ea0000 - 0x00007ffb08658000 	C:\Windows\System32\SHELL32.dll
0x00007ffb04d90000 - 0x00007ffb055f5000 	C:\Windows\SYSTEM32\windows.storage.dll
0x00007ffb08660000 - 0x00007ffb089d8000 	C:\Windows\System32\combase.dll
0x00007ffb04c20000 - 0x00007ffb04d86000 	C:\Windows\SYSTEM32\wintypes.dll
0x00007ffb07770000 - 0x00007ffb0785a000 	C:\Windows\System32\SHCORE.dll
0x00007ffb07d80000 - 0x00007ffb07ddd000 	C:\Windows\System32\shlwapi.dll
0x00007ffb06c00000 - 0x00007ffb06c21000 	C:\Windows\SYSTEM32\profapi.dll
0x00007ffb00ff0000 - 0x00007ffb01003000 	C:\Program Files\Java\jdk-18.0.2.1\bin\net.dll
0x00007ffb03430000 - 0x00007ffb03544000 	C:\Windows\SYSTEM32\WINHTTP.dll
0x00007ffb062e0000 - 0x00007ffb06347000 	C:\Windows\system32\mswsock.dll
0x00007ffaf7450000 - 0x00007ffaf7466000 	C:\Program Files\Java\jdk-18.0.2.1\bin\nio.dll
0x00007ffaf5cf0000 - 0x00007ffaf5d08000 	C:\Program Files\Java\jdk-18.0.2.1\bin\zip.dll
0x00007ffadf4a0000 - 0x00007ffadf62f000 	C:\Program Files\Java\jdk-18.0.2.1\bin\awt.dll
0x00007ffb096e0000 - 0x00007ffb097b6000 	C:\Windows\System32\OLEAUT32.dll
0x00007ffb02a60000 - 0x00007ffb02af2000 	C:\Windows\SYSTEM32\apphelp.dll
0x00007ffb04700000 - 0x00007ffb0472f000 	C:\Windows\system32\DWMAPI.DLL
0x00007ffb04370000 - 0x00007ffb0441c000 	C:\Windows\system32\uxtheme.dll
0x00007ffaec430000 - 0x00007ffaec531000 	C:\Windows\system32\opengl32.dll
0x00007ffaf5cc0000 - 0x00007ffaf5ced000 	C:\Windows\SYSTEM32\GLU32.dll
0x00007ffb04480000 - 0x00007ffb044b8000 	C:\Windows\SYSTEM32\dxcore.dll
0x00007ffb09480000 - 0x00007ffb0959d000 	C:\Windows\System32\MSCTF.dll
0x00007ffb08f00000 - 0x00007ffb0909a000 	C:\Windows\System32\ole32.dll
0x00007ffaecb00000 - 0x00007ffaecb86000 	C:\Program Files\Java\jdk-18.0.2.1\bin\freetype.dll
0x00007ffaec680000 - 0x00007ffaec728000 	C:\Program Files\Java\jdk-18.0.2.1\bin\fontmanager.dll
0x00007ffb08b80000 - 0x00007ffb08c35000 	C:\Windows\System32\clbcatq.dll
0x00007ffb040e0000 - 0x00007ffb0428e000 	C:\Windows\SYSTEM32\WindowsCodecs.dll
0x00007ffae72c0000 - 0x00007ffae731d000 	C:\Windows\system32\dataexchange.dll
0x00007ffafdab0000 - 0x00007ffafdd16000 	C:\Windows\system32\twinapi.appcore.dll
0x00007ffaec540000 - 0x00007ffaec66d000 	C:\Windows\SYSTEM32\textinputframework.dll
0x00007ffb02730000 - 0x00007ffb02861000 	C:\Windows\SYSTEM32\CoreMessaging.dll
0x00007ffaffb60000 - 0x00007ffaffecd000 	C:\Windows\SYSTEM32\CoreUIComponents.dll
0x00007ffb06540000 - 0x00007ffb0654c000 	C:\Windows\SYSTEM32\CRYPTBASE.DLL

dbghelp: loaded successfully - version: 4.0.5 - missing functions: none
symbol engine: initialized successfully - sym options: 0x614 - pdb path: .;C:\Program Files\Java\jdk-18.0.2.1\bin;C:\Windows\SYSTEM32;C:\Windows\WinSxS\amd64_microsoft.windows.common-controls_6595b64144ccf1df_6.0.22000.120_none_9d947278b86cc467;C:\Program Files\Java\jdk-18.0.2.1\bin\server

VM Arguments:
jvm_args: -Dfile.encoding=UTF-8 --module-path=C:\Users\akank\OneDrive\Documents\NetBeansProjects\Hotel Management System\build\classes 
java_command: hotel.management.system.AddEmployee
java_class_path (initial): C:\Users\akank\OneDrive\Documents\NetBeansProjects\Hotel Management System\mysql-connector-java-8.0.28.jar;C:\Users\akank\OneDrive\Desktop\mysql-connector-j-8.0.31\mysql-connector-j-8.0.31.jar;C:\Users\akank\OneDrive\Documents\NetBeansProjects\Hotel Management System\build\classes
Launcher Type: SUN_STANDARD

[Global flags]
     intx CICompilerCount                          = 4                                         {product} {ergonomic}
     uint ConcGCThreads                            = 2                                         {product} {ergonomic}
     uint G1ConcRefinementThreads                  = 8                                         {product} {ergonomic}
   size_t G1HeapRegionSize                         = 1048576                                   {product} {ergonomic}
    uintx GCDrainStackTargetSize                   = 64                                        {product} {ergonomic}
   size_t InitialHeapSize                          = 132120576                                 {product} {ergonomic}
   size_t MarkStackSize                            = 4194304                                   {product} {ergonomic}
   size_t MaxHeapSize                              = 2105540608                                {product} {ergonomic}
   size_t MaxNewSize                               = 1262485504                                {product} {ergonomic}
   size_t MinHeapDeltaBytes                        = 1048576                                   {product} {ergonomic}
   size_t MinHeapSize                              = 8388608                                   {product} {ergonomic}
    uintx NonNMethodCodeHeapSize                   = 5839372                                {pd product} {ergonomic}
    uintx NonProfiledCodeHeapSize                  = 122909434                              {pd product} {ergonomic}
    uintx ProfiledCodeHeapSize                     = 122909434                              {pd product} {ergonomic}
    uintx ReservedCodeCacheSize                    = 251658240                              {pd product} {ergonomic}
     bool SegmentedCodeCache                       = true                                      {product} {ergonomic}
   size_t SoftMaxHeapSize                          = 2105540608                             {manageable} {ergonomic}
     bool UseCompressedClassPointers               = true                           {product lp64_product} {ergonomic}
     bool UseCompressedOops                        = true                           {product lp64_product} {ergonomic}
     bool UseG1GC                                  = true                                      {product} {ergonomic}
     bool UseLargePagesIndividualAllocation        = false                                  {pd product} {ergonomic}

Logging:
Log output configuration:
 #0: stdout all=warning uptime,level,tags foldmultilines=false
 #1: stderr all=off uptime,level,tags foldmultilines=false

Environment Variables:
JAVA_HOME=C:\Program Files\Java\jdk-17.0.4.1
PATH=C:\Python311\Scripts\;C:\Python311\;C:\Program Files\Eclipse Adoptium\jdk-17.0.4.8-hotspot\bin;C:\Program Files\Common Files\Oracle\Java\javapath;C:\Program Files (x86)\Common Files\Oracle\Java\javapath;C:\Windows\system32;C:\Windows;C:\Windows\System32\Wbem;C:\Windows\System32\WindowsPowerShell\v1.0\;C:\Windows\System32\OpenSSH\;C:\Program Files (x86)\NVIDIA Corporation\PhysX\Common;C:\Program Files\NVIDIA Corporation\NVIDIA NvDLISR;C:\Program Files\Java\jdk-17.0.4.1\bin;C:\Program Files\MySQL\MySQL Server 8.0\bin;C:\Program Files\MySQL\MySQL Shell 8.0\bin\;C:\Users\akank\AppData\Local\Programs\Python\Python310\Scripts\;C:\Users\akank\AppData\Local\Programs\Python\Python310\;C:\Users\akank\AppData\Local\Microsoft\WindowsApps;;C:\Users\akank\AppData\Local\Programs\Microsoft VS Code\bin
USERNAME=akank
OS=Windows_NT
PROCESSOR_IDENTIFIER=Intel64 Family 6 Model 142 Stepping 12, GenuineIntel



---------------  S Y S T E M  ---------------

OS:
 Windows 11 , 64 bit Build 22000 (10.0.22000.1219)
OS uptime: 3 days 6:57 hours

CPU: total 8 (initial active 8) (4 cores per cpu, 2 threads per core) family 6 model 142 stepping 12 microcode 0xea, cx8, cmov, fxsr, ht, mmx, 3dnowpref, sse, sse2, sse3, ssse3, sse4.1, sse4.2, popcnt, lzcnt, tsc, tscinvbit, avx, avx2, aes, erms, clmul, bmi1, bmi2, adx, fma, vzeroupper, clflush, clflushopt

Memory: 4k page, system-wide physical 8025M (422M free)
TotalPageFile size 32601M (AvailPageFile size 0M)
current process WorkingSet (physical memory assigned to process): 35M, peak: 62M
current process commit charge ("private bytes"): 222M, peak: 224M

vm_info: Java HotSpot(TM) 64-Bit Server VM (18.0.2.1+1-1) for windows-amd64 JRE (18.0.2.1+1-1), built on Aug 16 2022 01:46:33 by "mach5one" with MS VC++ 16.8 / 16.9 (VS2019)

END.
