#
# There is insufficient memory for the Java Runtime Environment to continue.
# Native memory allocation (malloc) failed to allocate 32744 bytes for Chunk::new
# Possible reasons:
#   The system is out of physical RAM or swap space
#   The process is running with CompressedOops enabled, and the Java Heap may be blocking the growth of the native heap
# Possible solutions:
#   Reduce memory load on the system
#   Increase physical memory or swap space
#   Check if swap backing store is full
#   Decrease Java heap size (-Xmx/-Xms)
#   Decrease number of Java threads
#   Decrease Java thread stack sizes (-Xss)
#   Set larger code cache with -XX:ReservedCodeCacheSize=
#   JVM is running with Unscaled Compressed Oops mode in which the Java heap is
#     placed in the first 4GB address space. The Java Heap base address is the
#     maximum limit for the native heap growth. Please use -XX:HeapBaseMinAddress
#     to set the Java Heap base and to place the Java Heap above 4GB virtual address.
# This output file may be truncated or incomplete.
#
#  Out of Memory Error (arena.cpp:184), pid=16596, tid=11988
#
# JRE version: Java(TM) SE Runtime Environment (18.0.2.1+1) (build 18.0.2.1+1-1)
# Java VM: Java HotSpot(TM) 64-Bit Server VM (18.0.2.1+1-1, mixed mode, sharing, tiered, compressed oops, compressed class ptrs, g1 gc, windows-amd64)
# No core dump will be written. Minidumps are not enabled by default on client versions of Windows
#

---------------  S U M M A R Y ------------

Command Line: -Dfile.encoding=UTF-8 --module-path=C:\Users\akank\OneDrive\Documents\NetBeansProjects\Hotel Management System\build\classes hotel.management.system.AddEmployee

Host: Intel(R) Core(TM) i5-10210U CPU @ 1.60GHz, 8 cores, 7G,  Windows 11 , 64 bit Build 22000 (10.0.22000.1219)
Time: Thu Nov 17 23:58:39 2022 India Standard Time elapsed time: 98.190134 seconds (0d 0h 1m 38s)

---------------  T H R E A D  ---------------

Current thread (0x0000025ed7c7ca10):  JavaThread "C2 CompilerThread0" daemon [_thread_in_native, id=11988, stack(0x00000091ea600000,0x00000091ea700000)]


Current CompileTask:
C2:  98190 1147  s    4       sun.java2d.loops.GraphicsPrimitive::makeUniqueID (26 bytes)

Stack: [0x00000091ea600000,0x00000091ea700000]
Native frames: (J=compiled Java code, j=interpreted, Vv=VM code, C=native code)
V  [jvm.dll+0x6993aa]
V  [jvm.dll+0x7f46dd]
V  [jvm.dll+0x7f5fee]
V  [jvm.dll+0x7f66a3]
V  [jvm.dll+0x25cf1f]
V  [jvm.dll+0xb8c2f]
V  [jvm.dll+0xb8fa5]
V  [jvm.dll+0x6e3218]
V  [jvm.dll+0x1d2aab]
V  [jvm.dll+0x230259]
V  [jvm.dll+0x22f4d1]
V  [jvm.dll+0x1ba01c]
V  [jvm.dll+0x23ee0a]
V  [jvm.dll+0x23d0f5]
V  [jvm.dll+0x7a6dd1]
V  [jvm.dll+0x7a120a]
V  [jvm.dll+0x698255]
C  [ucrtbase.dll+0x26c0c]
C  [KERNEL32.DLL+0x15550]
C  [ntdll.dll+0x485b]


---------------  P R O C E S S  ---------------

Threads class SMR info:
_java_thread_list=0x0000025edcf32570, length=17, elements={
0x0000025ed7c4f7d0, 0x0000025ed7c52790, 0x0000025ed7c70f00, 0x0000025ed7c718a0,
0x0000025ed7c72240, 0x0000025ed7c7bd40, 0x0000025ed7c7ca10, 0x0000025ed7c86320,
0x0000025ed7c977e0, 0x0000025edc03ece0, 0x0000025edc131eb0, 0x0000025edc2f7640,
0x0000025edc26ae60, 0x0000025edc26dde0, 0x0000025edce14a60, 0x0000025eb9b7fae0,
0x0000025edd03e640
}

Java Threads: ( => current thread )
  0x0000025ed7c4f7d0 JavaThread "Reference Handler" daemon [_thread_blocked, id=1600, stack(0x00000091ea000000,0x00000091ea100000)]
  0x0000025ed7c52790 JavaThread "Finalizer" daemon [_thread_blocked, id=25180, stack(0x00000091ea100000,0x00000091ea200000)]
  0x0000025ed7c70f00 JavaThread "Signal Dispatcher" daemon [_thread_blocked, id=26364, stack(0x00000091ea200000,0x00000091ea300000)]
  0x0000025ed7c718a0 JavaThread "Attach Listener" daemon [_thread_blocked, id=14924, stack(0x00000091ea300000,0x00000091ea400000)]
  0x0000025ed7c72240 JavaThread "Service Thread" daemon [_thread_blocked, id=21964, stack(0x00000091ea400000,0x00000091ea500000)]
  0x0000025ed7c7bd40 JavaThread "Monitor Deflation Thread" daemon [_thread_blocked, id=16668, stack(0x00000091ea500000,0x00000091ea600000)]
=>0x0000025ed7c7ca10 JavaThread "C2 CompilerThread0" daemon [_thread_in_native, id=11988, stack(0x00000091ea600000,0x00000091ea700000)]
  0x0000025ed7c86320 JavaThread "C1 CompilerThread0" daemon [_thread_in_native, id=6516, stack(0x00000091ea700000,0x00000091ea800000)]
  0x0000025ed7c977e0 JavaThread "Sweeper thread" daemon [_thread_blocked, id=3212, stack(0x00000091ea800000,0x00000091ea900000)]
  0x0000025edc03ece0 JavaThread "Common-Cleaner" daemon [_thread_blocked, id=24924, stack(0x00000091ea900000,0x00000091eaa00000)]
  0x0000025edc131eb0 JavaThread "Notification Thread" daemon [_thread_blocked, id=26164, stack(0x00000091eaa00000,0x00000091eab00000)]
  0x0000025edc2f7640 JavaThread "Java2D Disposer" daemon [_thread_blocked, id=25128, stack(0x00000091ead00000,0x00000091eae00000)]
  0x0000025edc26ae60 JavaThread "AWT-Shutdown" [_thread_blocked, id=26232, stack(0x00000091eae00000,0x00000091eaf00000)]
  0x0000025edc26dde0 JavaThread "AWT-Windows" daemon [_thread_in_native, id=19936, stack(0x00000091eaf00000,0x00000091eb000000)]
  0x0000025edce14a60 JavaThread "AWT-EventQueue-0" [_thread_blocked, id=26276, stack(0x00000091eb000000,0x00000091eb100000)]
  0x0000025eb9b7fae0 JavaThread "DestroyJavaVM" [_thread_blocked, id=22560, stack(0x00000091e9900000,0x00000091e9a00000)]
  0x0000025edd03e640 JavaThread "TimerQueue" daemon [_thread_blocked, id=25752, stack(0x00000091eac00000,0x00000091ead00000)]

Other Threads:
  0x0000025eb9c11ab0 VMThread "VM Thread" [stack: 0x00000091e9f00000,0x00000091ea000000] [id=25816]
  0x0000025edc132370 WatcherThread "VM Periodic Task Thread" [stack: 0x00000091eab00000,0x00000091eac00000] [id=20680]
  0x0000025eb9be18a0 WorkerThread "GC Thread#0" [stack: 0x00000091e9a00000,0x00000091e9b00000] [id=25904]
  0x0000025eb9bf31e0 ConcurrentGCThread "G1 Main Marker" [stack: 0x00000091e9b00000,0x00000091e9c00000] [id=25940]
  0x0000025eb9bf5280 WorkerThread "G1 Conc#0" [stack: 0x00000091e9c00000,0x00000091e9d00000] [id=26184]
  0x0000025eb9c43230 ConcurrentGCThread "G1 Refine#0" [stack: 0x00000091e9d00000,0x00000091e9e00000] [id=3672]
  0x0000025eb9c439e0 ConcurrentGCThread "G1 Service" [stack: 0x00000091e9e00000,0x00000091e9f00000] [id=26116]

Threads with active compile tasks:
C2 CompilerThread0    98209 1147  s    4       sun.java2d.loops.GraphicsPrimitive::makeUniqueID (26 bytes)
C1 CompilerThread0    98209 1148       3       java.awt.geom.AffineTransform::equals (92 bytes)

VM state: not at safepoint (normal execution)

VM Mutex/Monitor currently owned by a thread: None

Heap address: 0x0000000082800000, size: 2008 MB, Compressed Oops mode: 32-bit

CDS archive(s) mapped at: [0x0000000800000000-0x0000000800ba0000-0x0000000800ba0000), size 12189696, SharedBaseAddress: 0x0000000800000000, ArchiveRelocationMode: 0.
Compressed class space mapped at: 0x0000000800c00000-0x0000000840c00000, reserved size: 1073741824
Narrow klass base: 0x0000000800000000, Narrow klass shift: 0, Narrow klass range: 0x100000000

GC Precious Log:
 CardTable entry size: 512
 Card Set container configuration: InlinePtr #cards 5 size 8 Array Of Cards #cards 12 size 40 Howl #buckets 4 coarsen threshold 1843 Howl Bitmap #cards 512 size 80 coarsen threshold 460 Card regions per heap region 1 cards per card region 2048
 CPUs: 8 total, 8 available
 Memory: 8025M
 Large Page Support: Disabled
 NUMA Support: Disabled
 Compressed Oops: Enabled (32-bit)
 Heap Region Size: 1M
 Heap Min Capacity: 8M
 Heap Initial Capacity: 126M
 Heap Max Capacity: 2008M
 Pre-touch: Disabled
 Parallel Workers: 8
 Concurrent Workers: 2
 Concurrent Refinement Workers: 8
 Periodic GC: Disabled

Heap:
 garbage-first heap   total 129024K, used 22528K [0x0000000082800000, 0x0000000100000000)
  region size 1024K, 15 young (15360K), 0 survivors (0K)
 Metaspace       used 9503K, committed 9664K, reserved 1114112K
  class space    used 1099K, committed 1216K, reserved 1048576K

Heap Regions: E=young(eden), S=young(survivor), O=old, HS=humongous(starts), HC=humongous(continues), CS=collection set, F=free, OA=open archive, CA=closed archive, TAMS=top-at-mark-start (previous, next)
|   0|0x0000000082800000, 0x0000000082900000, 0x0000000082900000|100%|HS|  |TAMS 0x0000000082800000, 0x0000000082800000| Complete 
|   1|0x0000000082900000, 0x0000000082a00000, 0x0000000082a00000|100%|HC|  |TAMS 0x0000000082900000, 0x0000000082900000| Complete 
|   2|0x0000000082a00000, 0x0000000082b00000, 0x0000000082b00000|100%|HC|  |TAMS 0x0000000082a00000, 0x0000000082a00000| Complete 
|   3|0x0000000082b00000, 0x0000000082c00000, 0x0000000082c00000|100%|HC|  |TAMS 0x0000000082b00000, 0x0000000082b00000| Complete 
|   4|0x0000000082c00000, 0x0000000082d00000, 0x0000000082d00000|100%|HC|  |TAMS 0x0000000082c00000, 0x0000000082c00000| Complete 
|   5|0x0000000082d00000, 0x0000000082e00000, 0x0000000082e00000|100%|HS|  |TAMS 0x0000000082d00000, 0x0000000082d00000| Complete 
|   6|0x0000000082e00000, 0x0000000082f00000, 0x0000000082f00000|100%|HS|  |TAMS 0x0000000082e00000, 0x0000000082e00000| Complete 
|   7|0x0000000082f00000, 0x0000000083000000, 0x0000000083000000|100%|HC|  |TAMS 0x0000000082f00000, 0x0000000082f00000| Complete 
|   8|0x0000000083000000, 0x0000000083100000, 0x0000000083100000|100%|HC|  |TAMS 0x0000000083000000, 0x0000000083000000| Complete 
|   9|0x0000000083100000, 0x0000000083100000, 0x0000000083200000|  0%| F|  |TAMS 0x0000000083100000, 0x0000000083100000| Untracked 
|  10|0x0000000083200000, 0x0000000083200000, 0x0000000083300000|  0%| F|  |TAMS 0x0000000083200000, 0x0000000083200000| Untracked 
|  11|0x0000000083300000, 0x0000000083300000, 0x0000000083400000|  0%| F|  |TAMS 0x0000000083300000, 0x0000000083300000| Untracked 
|  12|0x0000000083400000, 0x0000000083400000, 0x0000000083500000|  0%| F|  |TAMS 0x0000000083400000, 0x0000000083400000| Untracked 
|  13|0x0000000083500000, 0x0000000083500000, 0x0000000083600000|  0%| F|  |TAMS 0x0000000083500000, 0x0000000083500000| Untracked 
|  14|0x0000000083600000, 0x0000000083600000, 0x0000000083700000|  0%| F|  |TAMS 0x0000000083600000, 0x0000000083600000| Untracked 
|  15|0x0000000083700000, 0x0000000083700000, 0x0000000083800000|  0%| F|  |TAMS 0x0000000083700000, 0x0000000083700000| Untracked 
|  16|0x0000000083800000, 0x0000000083800000, 0x0000000083900000|  0%| F|  |TAMS 0x0000000083800000, 0x0000000083800000| Untracked 
|  17|0x0000000083900000, 0x0000000083900000, 0x0000000083a00000|  0%| F|  |TAMS 0x0000000083900000, 0x0000000083900000| Untracked 
|  18|0x0000000083a00000, 0x0000000083a00000, 0x0000000083b00000|  0%| F|  |TAMS 0x0000000083a00000, 0x0000000083a00000| Untracked 
|  19|0x0000000083b00000, 0x0000000083b00000, 0x0000000083c00000|  0%| F|  |TAMS 0x0000000083b00000, 0x0000000083b00000| Untracked 
|  20|0x0000000083c00000, 0x0000000083c00000, 0x0000000083d00000|  0%| F|  |TAMS 0x0000000083c00000, 0x0000000083c00000| Untracked 
|  21|0x0000000083d00000, 0x0000000083d00000, 0x0000000083e00000|  0%| F|  |TAMS 0x0000000083d00000, 0x0000000083d00000| Untracked 
|  22|0x0000000083e00000, 0x0000000083e00000, 0x0000000083f00000|  0%| F|  |TAMS 0x0000000083e00000, 0x0000000083e00000| Untracked 
|  23|0x0000000083f00000, 0x0000000083f00000, 0x0000000084000000|  0%| F|  |TAMS 0x0000000083f00000, 0x0000000083f00000| Untracked 
|  24|0x0000000084000000, 0x0000000084000000, 0x0000000084100000|  0%| F|  |TAMS 0x0000000084000000, 0x0000000084000000| Untracked 
|  25|0x0000000084100000, 0x0000000084100000, 0x0000000084200000|  0%| F|  |TAMS 0x0000000084100000, 0x0000000084100000| Untracked 
|  26|0x0000000084200000, 0x0000000084200000, 0x0000000084300000|  0%| F|  |TAMS 0x0000000084200000, 0x0000000084200000| Untracked 
|  27|0x0000000084300000, 0x0000000084300000, 0x0000000084400000|  0%| F|  |TAMS 0x0000000084300000, 0x0000000084300000| Untracked 
|  28|0x0000000084400000, 0x0000000084400000, 0x0000000084500000|  0%| F|  |TAMS 0x0000000084400000, 0x0000000084400000| Untracked 
|  29|0x0000000084500000, 0x0000000084500000, 0x0000000084600000|  0%| F|  |TAMS 0x0000000084500000, 0x0000000084500000| Untracked 
|  30|0x0000000084600000, 0x0000000084600000, 0x0000000084700000|  0%| F|  |TAMS 0x0000000084600000, 0x0000000084600000| Untracked 
|  31|0x0000000084700000, 0x0000000084700000, 0x0000000084800000|  0%| F|  |TAMS 0x0000000084700000, 0x0000000084700000| Untracked 
|  32|0x0000000084800000, 0x0000000084800000, 0x0000000084900000|  0%| F|  |TAMS 0x0000000084800000, 0x0000000084800000| Untracked 
|  33|0x0000000084900000, 0x0000000084900000, 0x0000000084a00000|  0%| F|  |TAMS 0x0000000084900000, 0x0000000084900000| Untracked 
|  34|0x0000000084a00000, 0x0000000084a00000, 0x0000000084b00000|  0%| F|  |TAMS 0x0000000084a00000, 0x0000000084a00000| Untracked 
|  35|0x0000000084b00000, 0x0000000084b00000, 0x0000000084c00000|  0%| F|  |TAMS 0x0000000084b00000, 0x0000000084b00000| Untracked 
|  36|0x0000000084c00000, 0x0000000084c00000, 0x0000000084d00000|  0%| F|  |TAMS 0x0000000084c00000, 0x0000000084c00000| Untracked 
|  37|0x0000000084d00000, 0x0000000084d00000, 0x0000000084e00000|  0%| F|  |TAMS 0x0000000084d00000, 0x0000000084d00000| Untracked 
|  38|0x0000000084e00000, 0x0000000084e00000, 0x0000000084f00000|  0%| F|  |TAMS 0x0000000084e00000, 0x0000000084e00000| Untracked 
|  39|0x0000000084f00000, 0x0000000084f00000, 0x0000000085000000|  0%| F|  |TAMS 0x0000000084f00000, 0x0000000084f00000| Untracked 
|  40|0x0000000085000000, 0x0000000085000000, 0x0000000085100000|  0%| F|  |TAMS 0x0000000085000000, 0x0000000085000000| Untracked 
|  41|0x0000000085100000, 0x0000000085100000, 0x0000000085200000|  0%| F|  |TAMS 0x0000000085100000, 0x0000000085100000| Untracked 
|  42|0x0000000085200000, 0x0000000085200000, 0x0000000085300000|  0%| F|  |TAMS 0x0000000085200000, 0x0000000085200000| Untracked 
|  43|0x0000000085300000, 0x0000000085300000, 0x0000000085400000|  0%| F|  |TAMS 0x0000000085300000, 0x0000000085300000| Untracked 
|  44|0x0000000085400000, 0x0000000085400000, 0x0000000085500000|  0%| F|  |TAMS 0x0000000085400000, 0x0000000085400000| Untracked 
|  45|0x0000000085500000, 0x0000000085500000, 0x0000000085600000|  0%| F|  |TAMS 0x0000000085500000, 0x0000000085500000| Untracked 
|  46|0x0000000085600000, 0x0000000085600000, 0x0000000085700000|  0%| F|  |TAMS 0x0000000085600000, 0x0000000085600000| Untracked 
|  47|0x0000000085700000, 0x0000000085700000, 0x0000000085800000|  0%| F|  |TAMS 0x0000000085700000, 0x0000000085700000| Untracked 
|  48|0x0000000085800000, 0x0000000085800000, 0x0000000085900000|  0%| F|  |TAMS 0x0000000085800000, 0x0000000085800000| Untracked 
|  49|0x0000000085900000, 0x0000000085900000, 0x0000000085a00000|  0%| F|  |TAMS 0x0000000085900000, 0x0000000085900000| Untracked 
|  50|0x0000000085a00000, 0x0000000085a00000, 0x0000000085b00000|  0%| F|  |TAMS 0x0000000085a00000, 0x0000000085a00000| Untracked 
|  51|0x0000000085b00000, 0x0000000085b00000, 0x0000000085c00000|  0%| F|  |TAMS 0x0000000085b00000, 0x0000000085b00000| Untracked 
|  52|0x0000000085c00000, 0x0000000085c00000, 0x0000000085d00000|  0%| F|  |TAMS 0x0000000085c00000, 0x0000000085c00000| Untracked 
|  53|0x0000000085d00000, 0x0000000085d00000, 0x0000000085e00000|  0%| F|  |TAMS 0x0000000085d00000, 0x0000000085d00000| Untracked 
|  54|0x0000000085e00000, 0x0000000085e00000, 0x0000000085f00000|  0%| F|  |TAMS 0x0000000085e00000, 0x0000000085e00000| Untracked 
|  55|0x0000000085f00000, 0x0000000085f00000, 0x0000000086000000|  0%| F|  |TAMS 0x0000000085f00000, 0x0000000085f00000| Untracked 
|  56|0x0000000086000000, 0x0000000086000000, 0x0000000086100000|  0%| F|  |TAMS 0x0000000086000000, 0x0000000086000000| Untracked 
|  57|0x0000000086100000, 0x0000000086100000, 0x0000000086200000|  0%| F|  |TAMS 0x0000000086100000, 0x0000000086100000| Untracked 
|  58|0x0000000086200000, 0x0000000086200000, 0x0000000086300000|  0%| F|  |TAMS 0x0000000086200000, 0x0000000086200000| Untracked 
|  59|0x0000000086300000, 0x0000000086300000, 0x0000000086400000|  0%| F|  |TAMS 0x0000000086300000, 0x0000000086300000| Untracked 
|  60|0x0000000086400000, 0x0000000086400000, 0x0000000086500000|  0%| F|  |TAMS 0x0000000086400000, 0x0000000086400000| Untracked 
|  61|0x0000000086500000, 0x0000000086500000, 0x0000000086600000|  0%| F|  |TAMS 0x0000000086500000, 0x0000000086500000| Untracked 
|  62|0x0000000086600000, 0x0000000086600000, 0x0000000086700000|  0%| F|  |TAMS 0x0000000086600000, 0x0000000086600000| Untracked 
|  63|0x0000000086700000, 0x0000000086700000, 0x0000000086800000|  0%| F|  |TAMS 0x0000000086700000, 0x0000000086700000| Untracked 
|  64|0x0000000086800000, 0x0000000086800000, 0x0000000086900000|  0%| F|  |TAMS 0x0000000086800000, 0x0000000086800000| Untracked 
|  65|0x0000000086900000, 0x0000000086900000, 0x0000000086a00000|  0%| F|  |TAMS 0x0000000086900000, 0x0000000086900000| Untracked 
|  66|0x0000000086a00000, 0x0000000086a00000, 0x0000000086b00000|  0%| F|  |TAMS 0x0000000086a00000, 0x0000000086a00000| Untracked 
|  67|0x0000000086b00000, 0x0000000086b00000, 0x0000000086c00000|  0%| F|  |TAMS 0x0000000086b00000, 0x0000000086b00000| Untracked 
|  68|0x0000000086c00000, 0x0000000086c00000, 0x0000000086d00000|  0%| F|  |TAMS 0x0000000086c00000, 0x0000000086c00000| Untracked 
|  69|0x0000000086d00000, 0x0000000086d00000, 0x0000000086e00000|  0%| F|  |TAMS 0x0000000086d00000, 0x0000000086d00000| Untracked 
|  70|0x0000000086e00000, 0x0000000086e00000, 0x0000000086f00000|  0%| F|  |TAMS 0x0000000086e00000, 0x0000000086e00000| Untracked 
|  71|0x0000000086f00000, 0x0000000086f00000, 0x0000000087000000|  0%| F|  |TAMS 0x0000000086f00000, 0x0000000086f00000| Untracked 
|  72|0x0000000087000000, 0x0000000087000000, 0x0000000087100000|  0%| F|  |TAMS 0x0000000087000000, 0x0000000087000000| Untracked 
|  73|0x0000000087100000, 0x0000000087100000, 0x0000000087200000|  0%| F|  |TAMS 0x0000000087100000, 0x0000000087100000| Untracked 
|  74|0x0000000087200000, 0x0000000087200000, 0x0000000087300000|  0%| F|  |TAMS 0x0000000087200000, 0x0000000087200000| Untracked 
|  75|0x0000000087300000, 0x0000000087300000, 0x0000000087400000|  0%| F|  |TAMS 0x0000000087300000, 0x0000000087300000| Untracked 
|  76|0x0000000087400000, 0x0000000087400000, 0x0000000087500000|  0%| F|  |TAMS 0x0000000087400000, 0x0000000087400000| Untracked 
|  77|0x0000000087500000, 0x0000000087500000, 0x0000000087600000|  0%| F|  |TAMS 0x0000000087500000, 0x0000000087500000| Untracked 
|  78|0x0000000087600000, 0x0000000087600000, 0x0000000087700000|  0%| F|  |TAMS 0x0000000087600000, 0x0000000087600000| Untracked 
|  79|0x0000000087700000, 0x0000000087700000, 0x0000000087800000|  0%| F|  |TAMS 0x0000000087700000, 0x0000000087700000| Untracked 
|  80|0x0000000087800000, 0x0000000087800000, 0x0000000087900000|  0%| F|  |TAMS 0x0000000087800000, 0x0000000087800000| Untracked 
|  81|0x0000000087900000, 0x0000000087900000, 0x0000000087a00000|  0%| F|  |TAMS 0x0000000087900000, 0x0000000087900000| Untracked 
|  82|0x0000000087a00000, 0x0000000087a00000, 0x0000000087b00000|  0%| F|  |TAMS 0x0000000087a00000, 0x0000000087a00000| Untracked 
|  83|0x0000000087b00000, 0x0000000087b00000, 0x0000000087c00000|  0%| F|  |TAMS 0x0000000087b00000, 0x0000000087b00000| Untracked 
|  84|0x0000000087c00000, 0x0000000087c00000, 0x0000000087d00000|  0%| F|  |TAMS 0x0000000087c00000, 0x0000000087c00000| Untracked 
|  85|0x0000000087d00000, 0x0000000087d00000, 0x0000000087e00000|  0%| F|  |TAMS 0x0000000087d00000, 0x0000000087d00000| Untracked 
|  86|0x0000000087e00000, 0x0000000087e00000, 0x0000000087f00000|  0%| F|  |TAMS 0x0000000087e00000, 0x0000000087e00000| Untracked 
|  87|0x0000000087f00000, 0x0000000087f00000, 0x0000000088000000|  0%| F|  |TAMS 0x0000000087f00000, 0x0000000087f00000| Untracked 
|  88|0x0000000088000000, 0x0000000088000000, 0x0000000088100000|  0%| F|  |TAMS 0x0000000088000000, 0x0000000088000000| Untracked 
|  89|0x0000000088100000, 0x0000000088100000, 0x0000000088200000|  0%| F|  |TAMS 0x0000000088100000, 0x0000000088100000| Untracked 
|  90|0x0000000088200000, 0x0000000088200000, 0x0000000088300000|  0%| F|  |TAMS 0x0000000088200000, 0x0000000088200000| Untracked 
|  91|0x0000000088300000, 0x0000000088300000, 0x0000000088400000|  0%| F|  |TAMS 0x0000000088300000, 0x0000000088300000| Untracked 
|  92|0x0000000088400000, 0x0000000088400000, 0x0000000088500000|  0%| F|  |TAMS 0x0000000088400000, 0x0000000088400000| Untracked 
|  93|0x0000000088500000, 0x0000000088500000, 0x0000000088600000|  0%| F|  |TAMS 0x0000000088500000, 0x0000000088500000| Untracked 
|  94|0x0000000088600000, 0x0000000088600000, 0x0000000088700000|  0%| F|  |TAMS 0x0000000088600000, 0x0000000088600000| Untracked 
|  95|0x0000000088700000, 0x0000000088700000, 0x0000000088800000|  0%| F|  |TAMS 0x0000000088700000, 0x0000000088700000| Untracked 
|  96|0x0000000088800000, 0x0000000088800000, 0x0000000088900000|  0%| F|  |TAMS 0x0000000088800000, 0x0000000088800000| Untracked 
|  97|0x0000000088900000, 0x0000000088900000, 0x0000000088a00000|  0%| F|  |TAMS 0x0000000088900000, 0x0000000088900000| Untracked 
|  98|0x0000000088a00000, 0x0000000088a00000, 0x0000000088b00000|  0%| F|  |TAMS 0x0000000088a00000, 0x0000000088a00000| Untracked 
|  99|0x0000000088b00000, 0x0000000088b00000, 0x0000000088c00000|  0%| F|  |TAMS 0x0000000088b00000, 0x0000000088b00000| Untracked 
| 100|0x0000000088c00000, 0x0000000088c00000, 0x0000000088d00000|  0%| F|  |TAMS 0x0000000088c00000, 0x0000000088c00000| Untracked 
| 101|0x0000000088d00000, 0x0000000088d00000, 0x0000000088e00000|  0%| F|  |TAMS 0x0000000088d00000, 0x0000000088d00000| Untracked 
| 102|0x0000000088e00000, 0x0000000088e00000, 0x0000000088f00000|  0%| F|  |TAMS 0x0000000088e00000, 0x0000000088e00000| Untracked 
| 103|0x0000000088f00000, 0x0000000088f00000, 0x0000000089000000|  0%| F|  |TAMS 0x0000000088f00000, 0x0000000088f00000| Untracked 
| 104|0x0000000089000000, 0x0000000089000000, 0x0000000089100000|  0%| F|  |TAMS 0x0000000089000000, 0x0000000089000000| Untracked 
| 105|0x0000000089100000, 0x0000000089100000, 0x0000000089200000|  0%| F|  |TAMS 0x0000000089100000, 0x0000000089100000| Untracked 
| 106|0x0000000089200000, 0x0000000089200000, 0x0000000089300000|  0%| F|  |TAMS 0x0000000089200000, 0x0000000089200000| Untracked 
| 107|0x0000000089300000, 0x0000000089300000, 0x0000000089400000|  0%| F|  |TAMS 0x0000000089300000, 0x0000000089300000| Untracked 
| 108|0x0000000089400000, 0x0000000089400000, 0x0000000089500000|  0%| F|  |TAMS 0x0000000089400000, 0x0000000089400000| Untracked 
| 109|0x0000000089500000, 0x0000000089500000, 0x0000000089600000|  0%| F|  |TAMS 0x0000000089500000, 0x0000000089500000| Untracked 
| 110|0x0000000089600000, 0x0000000089600000, 0x0000000089700000|  0%| F|  |TAMS 0x0000000089600000, 0x0000000089600000| Untracked 
| 111|0x0000000089700000, 0x0000000089800000, 0x0000000089800000|100%| E|  |TAMS 0x0000000089700000, 0x0000000089700000| Complete 
| 112|0x0000000089800000, 0x0000000089900000, 0x0000000089900000|100%| E|  |TAMS 0x0000000089800000, 0x0000000089800000| Complete 
| 113|0x0000000089900000, 0x0000000089a00000, 0x0000000089a00000|100%| E|CS|TAMS 0x0000000089900000, 0x0000000089900000| Complete 
| 114|0x0000000089a00000, 0x0000000089b00000, 0x0000000089b00000|100%| E|CS|TAMS 0x0000000089a00000, 0x0000000089a00000| Complete 
| 115|0x0000000089b00000, 0x0000000089c00000, 0x0000000089c00000|100%| E|CS|TAMS 0x0000000089b00000, 0x0000000089b00000| Complete 
| 116|0x0000000089c00000, 0x0000000089d00000, 0x0000000089d00000|100%| E|CS|TAMS 0x0000000089c00000, 0x0000000089c00000| Complete 
| 117|0x0000000089d00000, 0x0000000089e00000, 0x0000000089e00000|100%| E|CS|TAMS 0x0000000089d00000, 0x0000000089d00000| Complete 
| 118|0x0000000089e00000, 0x0000000089f00000, 0x0000000089f00000|100%| E|CS|TAMS 0x0000000089e00000, 0x0000000089e00000| Complete 
| 119|0x0000000089f00000, 0x000000008a000000, 0x000000008a000000|100%| E|CS|TAMS 0x0000000089f00000, 0x0000000089f00000| Complete 
| 120|0x000000008a000000, 0x000000008a100000, 0x000000008a100000|100%| E|CS|TAMS 0x000000008a000000, 0x000000008a000000| Complete 
| 121|0x000000008a100000, 0x000000008a200000, 0x000000008a200000|100%| E|CS|TAMS 0x000000008a100000, 0x000000008a100000| Complete 
| 122|0x000000008a200000, 0x000000008a300000, 0x000000008a300000|100%| E|CS|TAMS 0x000000008a200000, 0x000000008a200000| Complete 
| 123|0x000000008a300000, 0x000000008a400000, 0x000000008a400000|100%| E|CS|TAMS 0x000000008a300000, 0x000000008a300000| Complete 
| 124|0x000000008a400000, 0x000000008a500000, 0x000000008a500000|100%| E|CS|TAMS 0x000000008a400000, 0x000000008a400000| Complete 
| 125|0x000000008a500000, 0x000000008a600000, 0x000000008a600000|100%| E|CS|TAMS 0x000000008a500000, 0x000000008a500000| Complete 

Card table byte_map: [0x0000025ed0be0000,0x0000025ed0fd0000] _byte_map_base: 0x0000025ed07cc000

Marking Bits (Prev, Next): (CMBitMap*) 0x0000025eb9be1da0, (CMBitMap*) 0x0000025eb9be1de0
 Prev Bits: [0x0000025ed13c0000, 0x0000025ed3320000)
 Next Bits: [0x0000025ed3320000, 0x0000025ed5280000)

Polling page: 0x0000025eb9350000

Metaspace:

Usage:
  Non-class:      8.21 MB used.
      Class:      1.07 MB used.
       Both:      9.28 MB used.

Virtual space:
  Non-class space:       64.00 MB reserved,       8.25 MB ( 13%) committed,  1 nodes.
      Class space:        1.00 GB reserved,       1.19 MB ( <1%) committed,  1 nodes.
             Both:        1.06 GB reserved,       9.44 MB ( <1%) committed. 

Chunk freelists:
   Non-Class:  3.00 MB
       Class:  2.73 MB
        Both:  5.73 MB

MaxMetaspaceSize: unlimited
CompressedClassSpaceSize: 1.00 GB
Initial GC threshold: 21.00 MB
Current GC threshold: 21.00 MB
CDS: on
MetaspaceReclaimPolicy: balanced
 - commit_granule_bytes: 65536.
 - commit_granule_words: 8192.
 - virtual_space_node_default_size: 8388608.
 - enlarge_chunks_in_place: 1.
 - new_chunks_are_fully_committed: 0.
 - uncommit_free_chunks: 1.
 - use_allocation_guard: 0.


Internal statistics:

num_allocs_failed_limit: 0.
num_arena_births: 126.
num_arena_deaths: 0.
num_vsnodes_births: 2.
num_vsnodes_deaths: 0.
num_space_committed: 151.
num_space_uncommitted: 0.
num_chunks_returned_to_freelist: 0.
num_chunks_taken_from_freelist: 181.
num_chunk_merges: 0.
num_chunk_splits: 98.
num_chunks_enlarged: 32.
num_inconsistent_stats: 0.

CodeHeap 'non-profiled nmethods': size=120000Kb used=319Kb max_used=319Kb free=119680Kb
 bounds [0x0000025ec8f90000, 0x0000025ec9200000, 0x0000025ed04c0000]
CodeHeap 'profiled nmethods': size=120000Kb used=1791Kb max_used=1791Kb free=118208Kb
 bounds [0x0000025ec1a60000, 0x0000025ec1cd0000, 0x0000025ec8f90000]
CodeHeap 'non-nmethods': size=5760Kb used=1320Kb max_used=1339Kb free=4439Kb
 bounds [0x0000025ec14c0000, 0x0000025ec1730000, 0x0000025ec1a60000]
 total_blobs=1794 nmethods=1146 adapters=561
 compilation: enabled
              stopped_count=0, restarted_count=0
 full_count=0

Compilation events (20 events):
Event: 6.725 Thread 0x0000025ed7c7ca10 1138   !   4       sun.awt.AppContext::get (123 bytes)
Event: 6.757 Thread 0x0000025ed7c7ca10 nmethod 1138 0x0000025ec8fde290 code [0x0000025ec8fde460, 0x0000025ec8fdf078]
Event: 6.803 Thread 0x0000025ed7c7ca10 1139       4       java.util.ArrayList::get (15 bytes)
Event: 6.805 Thread 0x0000025ed7c7ca10 nmethod 1139 0x0000025ec8fdf610 code [0x0000025ec8fdf780, 0x0000025ec8fdf878]
Event: 6.832 Thread 0x0000025ed7c86320 1140       3       java.awt.event.MouseEvent::<init> (211 bytes)
Event: 6.834 Thread 0x0000025ed7c86320 nmethod 1140 0x0000025ec1c1b110 code [0x0000025ec1c1b400, 0x0000025ec1c1c6f8]
Event: 6.834 Thread 0x0000025ed7c86320 1141       3       java.awt.event.InputEvent::<init> (26 bytes)
Event: 6.835 Thread 0x0000025ed7c86320 nmethod 1141 0x0000025ec1c1cd10 code [0x0000025ec1c1cec0, 0x0000025ec1c1d0b8]
Event: 8.217 Thread 0x0000025ed7c86320 1142       3       java.beans.PropertyChangeSupport::firePropertyChange (35 bytes)
Event: 8.218 Thread 0x0000025ed7c86320 nmethod 1142 0x0000025ec1c1d210 code [0x0000025ec1c1d400, 0x0000025ec1c1dba8]
Event: 97.293 Thread 0x0000025ed7c86320 1143       3       sun.awt.Win32GraphicsConfig::getDefaultTransform (24 bytes)
Event: 97.293 Thread 0x0000025ed7c86320 nmethod 1143 0x0000025ec1c1de10 code [0x0000025ec1c1dfc0, 0x0000025ec1c1e248]
Event: 97.293 Thread 0x0000025ed7c86320 1144       1       sun.awt.image.SunVolatileImage::getWidth (5 bytes)
Event: 97.293 Thread 0x0000025ed7c86320 nmethod 1144 0x0000025ec8fdf990 code [0x0000025ec8fdfb20, 0x0000025ec8fdfbf8]
Event: 97.740 Thread 0x0000025ed7c86320 1145       3       java.beans.PropertyChangeSupport::firePropertyChange (81 bytes)
Event: 97.741 Thread 0x0000025ed7c86320 nmethod 1145 0x0000025ec1c1e390 code [0x0000025ec1c1e5e0, 0x0000025ec1c1f308]
Event: 98.186 Thread 0x0000025ed7c86320 1146       3       java.awt.EventQueue::postEvent (13 bytes)
Event: 98.186 Thread 0x0000025ed7c86320 nmethod 1146 0x0000025ec1c1f690 code [0x0000025ec1c1f860, 0x0000025ec1c1fbc8]
Event: 98.186 Thread 0x0000025ed7c7ca10 1147  s    4       sun.java2d.loops.GraphicsPrimitive::makeUniqueID (26 bytes)
Event: 98.187 Thread 0x0000025ed7c86320 1148       3       java.awt.geom.AffineTransform::equals (92 bytes)

GC Heap History (0 events):
No events

Deoptimization events (20 events):
Event: 0.316 Thread 0x0000025eb9b7fae0 DEOPT PACKING pc=0x0000025ec8f9ecd8 sp=0x00000091e99fd9c0
Event: 0.316 Thread 0x0000025eb9b7fae0 DEOPT UNPACKING pc=0x0000025ec15123a3 sp=0x00000091e99fd978 mode 2
Event: 0.497 Thread 0x0000025eb9b7fae0 Uncommon trap: trap_request=0xffffff45 fr.pc=0x0000025ec8fb6f58 relative=0x0000000000000518
Event: 0.497 Thread 0x0000025eb9b7fae0 Uncommon trap: reason=unstable_if action=reinterpret pc=0x0000025ec8fb6f58 method=java.lang.StringLatin1.replace([BCC)Ljava/lang/String; @ 19 c2
Event: 0.497 Thread 0x0000025eb9b7fae0 DEOPT PACKING pc=0x0000025ec8fb6f58 sp=0x00000091e99fec30
Event: 0.497 Thread 0x0000025eb9b7fae0 DEOPT UNPACKING pc=0x0000025ec15123a3 sp=0x00000091e99febb0 mode 2
Event: 0.593 Thread 0x0000025edc311fc0 Uncommon trap: trap_request=0xffffff45 fr.pc=0x0000025ec8fc2f9c relative=0x00000000000003fc
Event: 0.593 Thread 0x0000025edc311fc0 Uncommon trap: reason=unstable_if action=reinterpret pc=0x0000025ec8fc2f9c method=java.lang.StringLatin1.newString([BII)Ljava/lang/String; @ 1 c2
Event: 0.593 Thread 0x0000025edc311fc0 DEOPT PACKING pc=0x0000025ec8fc2f9c sp=0x00000091eb1feb10
Event: 0.593 Thread 0x0000025edc311fc0 DEOPT UNPACKING pc=0x0000025ec15123a3 sp=0x00000091eb1fead8 mode 2
Event: 0.695 Thread 0x0000025edc311fc0 DEOPT PACKING pc=0x0000025ec1b8fbe1 sp=0x00000091eb1fe370
Event: 0.695 Thread 0x0000025edc311fc0 DEOPT UNPACKING pc=0x0000025ec1512b43 sp=0x00000091eb1fd800 mode 0
Event: 0.696 Thread 0x0000025edc311fc0 DEOPT PACKING pc=0x0000025ec1b8fbe1 sp=0x00000091eb1fe370
Event: 0.696 Thread 0x0000025edc311fc0 DEOPT UNPACKING pc=0x0000025ec1512b43 sp=0x00000091eb1fd800 mode 0
Event: 0.701 Thread 0x0000025edc311fc0 DEOPT PACKING pc=0x0000025ec1b8fbe1 sp=0x00000091eb1fe370
Event: 0.701 Thread 0x0000025edc311fc0 DEOPT UNPACKING pc=0x0000025ec1512b43 sp=0x00000091eb1fd800 mode 0
Event: 0.776 Thread 0x0000025eb9b7fae0 Uncommon trap: trap_request=0xffffff45 fr.pc=0x0000025ec8fc0924 relative=0x0000000000000224
Event: 0.776 Thread 0x0000025eb9b7fae0 Uncommon trap: reason=unstable_if action=reinterpret pc=0x0000025ec8fc0924 method=java.lang.StringUTF16.compress([CI[BII)I @ 20 c2
Event: 0.776 Thread 0x0000025eb9b7fae0 DEOPT PACKING pc=0x0000025ec8fc0924 sp=0x00000091e99fd680
Event: 0.776 Thread 0x0000025eb9b7fae0 DEOPT UNPACKING pc=0x0000025ec15123a3 sp=0x00000091e99fd600 mode 2

Classes loaded (20 events):
Event: 4.166 Loading class java/awt/geom/Arc2D$Float
Event: 4.168 Loading class java/awt/geom/Arc2D
Event: 4.169 Loading class java/awt/geom/Arc2D done
Event: 4.169 Loading class java/awt/geom/Arc2D$Float done
Event: 4.169 Loading class java/awt/geom/ArcIterator
Event: 4.170 Loading class java/awt/geom/ArcIterator done
Event: 4.381 Loading class java/awt/event/ItemEvent
Event: 4.381 Loading class java/awt/event/ItemEvent done
Event: 6.858 Loading class java/awt/LightweightDispatcher$2
Event: 6.858 Loading class java/awt/LightweightDispatcher$2 done
Event: 8.191 Loading class java/awt/KeyboardFocusManager$2
Event: 8.191 Loading class java/awt/KeyboardFocusManager$2 done
Event: 8.191 Loading class sun/awt/SunToolkit$1
Event: 8.192 Loading class sun/awt/SunToolkit$1 done
Event: 97.292 Loading class java/util/WeakHashMap$KeyIterator
Event: 97.292 Loading class java/util/WeakHashMap$HashIterator
Event: 97.292 Loading class java/util/WeakHashMap$HashIterator done
Event: 97.292 Loading class java/util/WeakHashMap$KeyIterator done
Event: 97.292 Loading class javax/swing/RepaintManager$DisplayChangedRunnable
Event: 97.292 Loading class javax/swing/RepaintManager$DisplayChangedRunnable done

Classes unloaded (0 events):
No events

Classes redefined (0 events):
No events

Internal exceptions (17 events):
Event: 0.109 Thread 0x0000025eb9b7fae0 Exception <a 'sun/nio/fs/WindowsException'{0x000000008a4362f0}> (0x000000008a4362f0) 
thrown [s\open\src\hotspot\share\prims\jni.cpp, line 516]
Event: 0.109 Thread 0x0000025eb9b7fae0 Exception <a 'sun/nio/fs/WindowsException'{0x000000008a4368a0}> (0x000000008a4368a0) 
thrown [s\open\src\hotspot\share\prims\jni.cpp, line 516]
Event: 0.112 Thread 0x0000025eb9b7fae0 Exception <a 'sun/nio/fs/WindowsException'{0x000000008a438e38}> (0x000000008a438e38) 
thrown [s\open\src\hotspot\share\prims\jni.cpp, line 516]
Event: 0.112 Thread 0x0000025eb9b7fae0 Exception <a 'sun/nio/fs/WindowsException'{0x000000008a4399b0}> (0x000000008a4399b0) 
thrown [s\open\src\hotspot\share\prims\jni.cpp, line 516]
Event: 0.172 Thread 0x0000025eb9b7fae0 Exception <a 'java/lang/ClassNotFoundException'{0x000000008a31be58}: sun/awt/resources/spi/awtProvider> (0x000000008a31be58) 
thrown [s\open\src\hotspot\share\classfile\systemDictionary.cpp, line 255]
Event: 0.204 Thread 0x0000025eb9b7fae0 Exception <a 'java/io/FileNotFoundException'{0x000000008a36f648}> (0x000000008a36f648) 
thrown [s\open\src\hotspot\share\prims\jni.cpp, line 516]
Event: 0.215 Thread 0x0000025eb9b7fae0 Exception <a 'java/io/FileNotFoundException'{0x000000008a39ca08}> (0x000000008a39ca08) 
thrown [s\open\src\hotspot\share\prims\jni.cpp, line 516]
Event: 0.271 Thread 0x0000025eb9b7fae0 Exception <a 'java/lang/NoSuchMethodError'{0x000000008a3e0cb0}: 'java.lang.Object java.lang.invoke.DirectMethodHandle$Holder.invokeStaticInit(java.lang.Object)'> (0x000000008a3e0cb0) 
thrown [s\open\src\hotspot\share\interpreter\linkResolver.cpp, line 759]
Event: 0.319 Thread 0x0000025eb9b7fae0 Exception <a 'java/lang/NoSuchMethodError'{0x000000008a2a0a40}: 'void java.lang.invoke.DirectMethodHandle$Holder.invokeSpecial(java.lang.Object, java.lang.Object, java.lang.Object)'> (0x000000008a2a0a40) 
thrown [s\open\src\hotspot\share\interpreter\linkResolver.cpp, line 759]
Event: 0.331 Thread 0x0000025eb9b7fae0 Exception <a 'java/lang/NoSuchMethodError'{0x000000008a2cb9f0}: 'java.lang.Object java.lang.invoke.DirectMethodHandle$Holder.newInvokeSpecial(java.lang.Object, java.lang.Object, java.lang.Object, java.lang.Object, java.lang.Object)'> (0x000000008a2cb9f0) 
thrown [s\open\src\hotspot\share\interpreter\linkResolver.cpp, line 759]
Event: 0.344 Thread 0x0000025eb9b7fae0 Exception <a 'java/lang/NoSuchMethodError'{0x000000008a2fd898}: 'java.lang.Object java.lang.invoke.DirectMethodHandle$Holder.invokeStatic(java.lang.Object, int, java.lang.Object)'> (0x000000008a2fd898) 
thrown [s\open\src\hotspot\share\interpreter\linkResolver.cpp, line 759]
Event: 0.385 Thread 0x0000025eb9b7fae0 Exception <a 'java/lang/ClassNotFoundException'{0x000000008a1baa90}: com/sun/swing/internal/plaf/metal/resources/spi/metalProvider> (0x000000008a1baa90) 
thrown [s\open\src\hotspot\share\classfile\systemDictionary.cpp, line 255]
Event: 0.387 Thread 0x0000025eb9b7fae0 Exception <a 'java/lang/ClassNotFoundException'{0x000000008a1beac8}: com/sun/swing/internal/plaf/basic/resources/spi/basicProvider> (0x000000008a1beac8) 
thrown [s\open\src\hotspot\share\classfile\systemDictionary.cpp, line 255]
Event: 0.400 Thread 0x0000025eb9b7fae0 Exception <a 'java/lang/NoSuchMethodError'{0x000000008a1deec8}: 'int java.lang.invoke.Invokers$Holder.invokeExact_MT(java.lang.Object, java.lang.Object)'> (0x000000008a1deec8) 
thrown [s\open\src\hotspot\share\interpreter\linkResolver.cpp, line 759]
Event: 0.599 Thread 0x0000025edc311fc0 Exception <a 'java/lang/NoSuchMethodError'{0x0000000089e67258}: 'java.lang.Object java.lang.invoke.DirectMethodHandle$Holder.newInvokeSpecial(java.lang.Object, java.lang.Object, java.lang.Object, int, int, int, int, int)'> (0x0000000089e67258) 
thrown [s\open\src\hotspot\share\interpreter\linkResolver.cpp, line 759]
Event: 0.720 Thread 0x0000025edc26dde0 Exception <a 'java/lang/NoSuchMethodError'{0x000000008a210010}: 'void java.lang.invoke.DirectMethodHandle$Holder.invokeVirtual(java.lang.Object, java.lang.Object)'> (0x000000008a210010) 
thrown [s\open\src\hotspot\share\interpreter\linkResolver.cpp, line 759]
Event: 0.748 Thread 0x0000025eb9b7fae0 Exception <a 'java/lang/NoSuchMethodError'{0x000000008a072ce8}: 'void java.lang.invoke.DirectMethodHandle$Holder.invokeStaticInit(java.lang.Object)'> (0x000000008a072ce8) 
thrown [s\open\src\hotspot\share\interpreter\linkResolver.cpp, line 759]

VM Operations (20 events):
Event: 0.431 Executing VM operation: HandshakeAllThreads
Event: 0.431 Executing VM operation: HandshakeAllThreads done
Event: 0.652 Executing VM operation: HandshakeAllThreads
Event: 0.652 Executing VM operation: HandshakeAllThreads done
Event: 0.876 Executing VM operation: HandshakeAllThreads
Event: 0.876 Executing VM operation: HandshakeAllThreads done
Event: 1.888 Executing VM operation: Cleanup
Event: 1.888 Executing VM operation: Cleanup done
Event: 2.892 Executing VM operation: Cleanup
Event: 2.892 Executing VM operation: Cleanup done
Event: 3.911 Executing VM operation: Cleanup
Event: 3.911 Executing VM operation: Cleanup done
Event: 4.924 Executing VM operation: Cleanup
Event: 4.925 Executing VM operation: Cleanup done
Event: 5.928 Executing VM operation: Cleanup
Event: 5.928 Executing VM operation: Cleanup done
Event: 6.935 Executing VM operation: Cleanup
Event: 6.936 Executing VM operation: Cleanup done
Event: 8.957 Executing VM operation: Cleanup
Event: 8.957 Executing VM operation: Cleanup done

Events (20 events):
Event: 0.104 Loaded shared library C:\Program Files\Java\jdk-18.0.2.1\bin\net.dll
Event: 0.107 Loaded shared library C:\Program Files\Java\jdk-18.0.2.1\bin\nio.dll
Event: 0.131 Thread 0x0000025edc131eb0 Thread added: 0x0000025edc131eb0
Event: 0.142 Loaded shared library C:\Program Files\Java\jdk-18.0.2.1\bin\zip.dll
Event: 0.146 Thread 0x0000025edc133af0 Thread added: 0x0000025edc133af0
Event: 0.164 Loaded shared library C:\Program Files\Java\jdk-18.0.2.1\bin\jimage.dll
Event: 0.185 Loaded shared library C:\Program Files\Java\jdk-18.0.2.1\bin\awt.dll
Event: 0.273 Thread 0x0000025edc2f7640 Thread added: 0x0000025edc2f7640
Event: 0.274 Thread 0x0000025edc26ae60 Thread added: 0x0000025edc26ae60
Event: 0.276 Thread 0x0000025edc26dde0 Thread added: 0x0000025edc26dde0
Event: 0.479 Thread 0x0000025edce14a60 Thread added: 0x0000025edce14a60
Event: 0.504 Thread 0x0000025edc311fc0 Thread added: 0x0000025edc311fc0
Event: 0.596 Loaded shared library C:\Program Files\Java\jdk-18.0.2.1\bin\javajpeg.dll
Event: 0.757 Loaded shared library C:\Program Files\Java\jdk-18.0.2.1\bin\freetype.dll
Event: 0.759 Loaded shared library C:\Program Files\Java\jdk-18.0.2.1\bin\fontmanager.dll
Event: 0.874 Thread 0x0000025eb9b7fae0 Thread exited: 0x0000025eb9b7fae0
Event: 0.874 Thread 0x0000025eb9b7fae0 Thread added: 0x0000025eb9b7fae0
Event: 0.911 Thread 0x0000025edc133af0 Thread exited: 0x0000025edc133af0
Event: 1.044 Thread 0x0000025edd03e640 Thread added: 0x0000025edd03e640
Event: 5.710 Thread 0x0000025edc311fc0 Thread exited: 0x0000025edc311fc0


Dynamic libraries:
0x00007ff7cfe30000 - 0x00007ff7cfe40000 	C:\Program Files\Java\jdk-18.0.2.1\bin\java.exe
0x00007ffb09800000 - 0x00007ffb09a09000 	C:\Windows\SYSTEM32\ntdll.dll
0x00007ffb07de0000 - 0x00007ffb07e9e000 	C:\Windows\System32\KERNEL32.DLL
0x00007ffb07130000 - 0x00007ffb074ab000 	C:\Windows\System32\KERNELBASE.dll
0x00007ffb07560000 - 0x00007ffb07671000 	C:\Windows\System32\ucrtbase.dll
0x00007ffaf2ff0000 - 0x00007ffaf3008000 	C:\Program Files\Java\jdk-18.0.2.1\bin\jli.dll
0x00007ffb03a80000 - 0x00007ffb03a9a000 	C:\Program Files\Java\jdk-18.0.2.1\bin\VCRUNTIME140.dll
0x00007ffb08e50000 - 0x00007ffb08efe000 	C:\Windows\System32\ADVAPI32.dll
0x00007ffb07cd0000 - 0x00007ffb07d73000 	C:\Windows\System32\msvcrt.dll
0x00007ffb09100000 - 0x00007ffb0919e000 	C:\Windows\System32\sechost.dll
0x00007ffb095c0000 - 0x00007ffb096e0000 	C:\Windows\System32\RPCRT4.dll
0x00007ffb08ca0000 - 0x00007ffb08e4d000 	C:\Windows\System32\USER32.dll
0x00007ffb074b0000 - 0x00007ffb074d6000 	C:\Windows\System32\win32u.dll
0x00007ffaebac0000 - 0x00007ffaebd65000 	C:\Windows\WinSxS\amd64_microsoft.windows.common-controls_6595b64144ccf1df_6.0.22000.120_none_9d947278b86cc467\COMCTL32.dll
0x00007ffb08a70000 - 0x00007ffb08a99000 	C:\Windows\System32\GDI32.dll
0x00007ffb06e00000 - 0x00007ffb06f18000 	C:\Windows\System32\gdi32full.dll
0x00007ffb06f20000 - 0x00007ffb06fbd000 	C:\Windows\System32\msvcp_win.dll
0x00007ffb01930000 - 0x00007ffb0193a000 	C:\Windows\SYSTEM32\VERSION.dll
0x00007ffb08aa0000 - 0x00007ffb08ad2000 	C:\Windows\System32\IMM32.DLL
0x00007ffb03bf0000 - 0x00007ffb03bfc000 	C:\Program Files\Java\jdk-18.0.2.1\bin\vcruntime140_1.dll
0x00007ffaf0cb0000 - 0x00007ffaf0d3d000 	C:\Program Files\Java\jdk-18.0.2.1\bin\msvcp140.dll
0x00007ffac5620000 - 0x00007ffac6231000 	C:\Program Files\Java\jdk-18.0.2.1\bin\server\jvm.dll
0x00007ffb091a0000 - 0x00007ffb091a8000 	C:\Windows\System32\PSAPI.DLL
0x00007ffaea4c0000 - 0x00007ffaea4c9000 	C:\Windows\SYSTEM32\WSOCK32.dll
0x00007ffb03160000 - 0x00007ffb03193000 	C:\Windows\SYSTEM32\WINMM.dll
0x00007ffb08ae0000 - 0x00007ffb08b4f000 	C:\Windows\System32\WS2_32.dll
0x00007ffb05e40000 - 0x00007ffb05e58000 	C:\Windows\SYSTEM32\kernel.appcore.dll
0x00007ffb039c0000 - 0x00007ffb039ca000 	C:\Program Files\Java\jdk-18.0.2.1\bin\jimage.dll
0x00007ffaf3a80000 - 0x00007ffaf3ca1000 	C:\Windows\SYSTEM32\DBGHELP.DLL
0x00007ffaea3c0000 - 0x00007ffaea3f1000 	C:\Windows\SYSTEM32\dbgcore.DLL
0x00007ffb074e0000 - 0x00007ffb0755f000 	C:\Windows\System32\bcryptPrimitives.dll
0x00007ffb01c80000 - 0x00007ffb01ca5000 	C:\Program Files\Java\jdk-18.0.2.1\bin\java.dll
0x00007ffae8d60000 - 0x00007ffae8e36000 	C:\Program Files\Java\jdk-18.0.2.1\bin\jsvml.dll
0x00007ffb07ea0000 - 0x00007ffb08658000 	C:\Windows\System32\SHELL32.dll
0x00007ffb04d90000 - 0x00007ffb055f5000 	C:\Windows\SYSTEM32\windows.storage.dll
0x00007ffb08660000 - 0x00007ffb089d8000 	C:\Windows\System32\combase.dll
0x00007ffb04c20000 - 0x00007ffb04d86000 	C:\Windows\SYSTEM32\wintypes.dll
0x00007ffb07770000 - 0x00007ffb0785a000 	C:\Windows\System32\SHCORE.dll
0x00007ffb07d80000 - 0x00007ffb07ddd000 	C:\Windows\System32\shlwapi.dll
0x00007ffb06c00000 - 0x00007ffb06c21000 	C:\Windows\SYSTEM32\profapi.dll
0x00007ffb00ff0000 - 0x00007ffb01003000 	C:\Program Files\Java\jdk-18.0.2.1\bin\net.dll
0x00007ffb03430000 - 0x00007ffb03544000 	C:\Windows\SYSTEM32\WINHTTP.dll
0x00007ffb062e0000 - 0x00007ffb06347000 	C:\Windows\system32\mswsock.dll
0x00007ffaf7450000 - 0x00007ffaf7466000 	C:\Program Files\Java\jdk-18.0.2.1\bin\nio.dll
0x00007ffaf5cf0000 - 0x00007ffaf5d08000 	C:\Program Files\Java\jdk-18.0.2.1\bin\zip.dll
0x00007ffadf4a0000 - 0x00007ffadf62f000 	C:\Program Files\Java\jdk-18.0.2.1\bin\awt.dll
0x00007ffb096e0000 - 0x00007ffb097b6000 	C:\Windows\System32\OLEAUT32.dll
0x00007ffb02a60000 - 0x00007ffb02af2000 	C:\Windows\SYSTEM32\apphelp.dll
0x00007ffb04700000 - 0x00007ffb0472f000 	C:\Windows\system32\DWMAPI.DLL
0x00007ffb04370000 - 0x00007ffb0441c000 	C:\Windows\system32\uxtheme.dll
0x00007ffaec430000 - 0x00007ffaec531000 	C:\Windows\system32\opengl32.dll
0x00007ffaf5cc0000 - 0x00007ffaf5ced000 	C:\Windows\SYSTEM32\GLU32.dll
0x00007ffb04480000 - 0x00007ffb044b8000 	C:\Windows\SYSTEM32\dxcore.dll
0x00007ffb09480000 - 0x00007ffb0959d000 	C:\Windows\System32\MSCTF.dll
0x00007ffb08f00000 - 0x00007ffb0909a000 	C:\Windows\System32\ole32.dll
0x00007ffaeca40000 - 0x00007ffaeca6d000 	C:\Program Files\Java\jdk-18.0.2.1\bin\javajpeg.dll
0x00007ffaecb00000 - 0x00007ffaecb86000 	C:\Program Files\Java\jdk-18.0.2.1\bin\freetype.dll
0x00007ffaec680000 - 0x00007ffaec728000 	C:\Program Files\Java\jdk-18.0.2.1\bin\fontmanager.dll
0x00007ffb08b80000 - 0x00007ffb08c35000 	C:\Windows\System32\clbcatq.dll
0x00007ffb040e0000 - 0x00007ffb0428e000 	C:\Windows\SYSTEM32\WindowsCodecs.dll
0x00007ffae72c0000 - 0x00007ffae731d000 	C:\Windows\system32\dataexchange.dll
0x00007ffafdab0000 - 0x00007ffafdd16000 	C:\Windows\system32\twinapi.appcore.dll
0x00007ffaec540000 - 0x00007ffaec66d000 	C:\Windows\SYSTEM32\textinputframework.dll
0x00007ffb02730000 - 0x00007ffb02861000 	C:\Windows\SYSTEM32\CoreMessaging.dll
0x00007ffaffb60000 - 0x00007ffaffecd000 	C:\Windows\SYSTEM32\CoreUIComponents.dll
0x00007ffb06540000 - 0x00007ffb0654c000 	C:\Windows\SYSTEM32\CRYPTBASE.DLL

dbghelp: loaded successfully - version: 4.0.5 - missing functions: none
symbol engine: initialized successfully - sym options: 0x614 - pdb path: .;C:\Program Files\Java\jdk-18.0.2.1\bin;C:\Windows\SYSTEM32;C:\Windows\WinSxS\amd64_microsoft.windows.common-controls_6595b64144ccf1df_6.0.22000.120_none_9d947278b86cc467;C:\Program Files\Java\jdk-18.0.2.1\bin\server

VM Arguments:
jvm_args: -Dfile.encoding=UTF-8 --module-path=C:\Users\akank\OneDrive\Documents\NetBeansProjects\Hotel Management System\build\classes 
java_command: hotel.management.system.AddEmployee
java_class_path (initial): C:\Users\akank\OneDrive\Documents\NetBeansProjects\Hotel Management System\mysql-connector-java-8.0.28.jar;C:\Users\akank\OneDrive\Desktop\mysql-connector-j-8.0.31\mysql-connector-j-8.0.31.jar;C:\Users\akank\OneDrive\Documents\NetBeansProjects\Hotel Management System\build\classes
Launcher Type: SUN_STANDARD

[Global flags]
     intx CICompilerCount                          = 4                                         {product} {ergonomic}
     uint ConcGCThreads                            = 2                                         {product} {ergonomic}
     uint G1ConcRefinementThreads                  = 8                                         {product} {ergonomic}
   size_t G1HeapRegionSize                         = 1048576                                   {product} {ergonomic}
    uintx GCDrainStackTargetSize                   = 64                                        {product} {ergonomic}
   size_t InitialHeapSize                          = 132120576                                 {product} {ergonomic}
   size_t MarkStackSize                            = 4194304                                   {product} {ergonomic}
   size_t MaxHeapSize                              = 2105540608                                {product} {ergonomic}
   size_t MaxNewSize                               = 1262485504                                {product} {ergonomic}
   size_t MinHeapDeltaBytes                        = 1048576                                   {product} {ergonomic}
   size_t MinHeapSize                              = 8388608                                   {product} {ergonomic}
    uintx NonNMethodCodeHeapSize                   = 5839372                                {pd product} {ergonomic}
    uintx NonProfiledCodeHeapSize                  = 122909434                              {pd product} {ergonomic}
    uintx ProfiledCodeHeapSize                     = 122909434                              {pd product} {ergonomic}
    uintx ReservedCodeCacheSize                    = 251658240                              {pd product} {ergonomic}
     bool SegmentedCodeCache                       = true                                      {product} {ergonomic}
   size_t SoftMaxHeapSize                          = 2105540608                             {manageable} {ergonomic}
     bool UseCompressedClassPointers               = true                           {product lp64_product} {ergonomic}
     bool UseCompressedOops                        = true                           {product lp64_product} {ergonomic}
     bool UseG1GC                                  = true                                      {product} {ergonomic}
     bool UseLargePagesIndividualAllocation        = false                                  {pd product} {ergonomic}

Logging:
Log output configuration:
 #0: stdout all=warning uptime,level,tags foldmultilines=false
 #1: stderr all=off uptime,level,tags foldmultilines=false

Environment Variables:
JAVA_HOME=C:\Program Files\Java\jdk-17.0.4.1
PATH=C:\Python311\Scripts\;C:\Python311\;C:\Program Files\Eclipse Adoptium\jdk-17.0.4.8-hotspot\bin;C:\Program Files\Common Files\Oracle\Java\javapath;C:\Program Files (x86)\Common Files\Oracle\Java\javapath;C:\Windows\system32;C:\Windows;C:\Windows\System32\Wbem;C:\Windows\System32\WindowsPowerShell\v1.0\;C:\Windows\System32\OpenSSH\;C:\Program Files (x86)\NVIDIA Corporation\PhysX\Common;C:\Program Files\NVIDIA Corporation\NVIDIA NvDLISR;C:\Program Files\Java\jdk-17.0.4.1\bin;C:\Program Files\MySQL\MySQL Server 8.0\bin;C:\Program Files\MySQL\MySQL Shell 8.0\bin\;C:\Users\akank\AppData\Local\Programs\Python\Python310\Scripts\;C:\Users\akank\AppData\Local\Programs\Python\Python310\;C:\Users\akank\AppData\Local\Microsoft\WindowsApps;;C:\Users\akank\AppData\Local\Programs\Microsoft VS Code\bin
USERNAME=akank
OS=Windows_NT
PROCESSOR_IDENTIFIER=Intel64 Family 6 Model 142 Stepping 12, GenuineIntel



---------------  S Y S T E M  ---------------

OS:
 Windows 11 , 64 bit Build 22000 (10.0.22000.1219)
OS uptime: 3 days 6:57 hours

CPU: total 8 (initial active 8) (4 cores per cpu, 2 threads per core) family 6 model 142 stepping 12 microcode 0xea, cx8, cmov, fxsr, ht, mmx, 3dnowpref, sse, sse2, sse3, ssse3, sse4.1, sse4.2, popcnt, lzcnt, tsc, tscinvbit, avx, avx2, aes, erms, clmul, bmi1, bmi2, adx, fma, vzeroupper, clflush, clflushopt

Memory: 4k page, system-wide physical 8025M (300M free)
TotalPageFile size 32601M (AvailPageFile size 0M)
current process WorkingSet (physical memory assigned to process): 79M, peak: 80M
current process commit charge ("private bytes"): 225M, peak: 227M

vm_info: Java HotSpot(TM) 64-Bit Server VM (18.0.2.1+1-1) for windows-amd64 JRE (18.0.2.1+1-1), built on Aug 16 2022 01:46:33 by "mach5one" with MS VC++ 16.8 / 16.9 (VS2019)

END.
